     51    250

A1_Allochromatium_GammaP        WSWWWWWWWW WWWWWWWWWW WWWWWWWWWW WWWWWWWWWW WWWWWSWWWW WWWWWSSSSS SWWWSSSSSS SSSSSSSSSS SSSSSSSSWW SSSSSSSSSS SSSSWSSSSS SSSSSSSSSS WWWWWWWWWW WWWWWWWWWW WWWWWWWWWS SSSSSSSSSS SSSSSSSSSS SSSSSSSSSS SWSSSSSSSS SSSSSSSSSW WWSSSSSSSS SWWWWWWWWW WWWWWWWWWW WWWWWWWWWW WWWWWWWWWW 
A1_Thiomicrospira_GammaP_HydrothermalSulfurOx  WWWWWWWWWW WWWWWWWWWW WWWWWWWWWW WWWSSSSSSS SSSSSSWWWW WWWWWWWWWW WWWWWWWWWW WWWWWWSSSS SSSSSSSSSS SSSSSSSSSS SSSSWSSSSS SSSSSSSSSS WWWWWWWWWW WWWWWWWWWW WWWWWWWWWS SSSSSSSSSS SSSSSSSSSS SSSSSSSSSS SWSSSSSSSS SSSSSSSSSW WSSSSSSSSS SSWWWWWWWW WWWWWWWWWW WWWWWWWWWW WWWWWWWWWW 
A2_Allochromatium_GammaP        WSWWWWWWWW WWWWWWWWWW WWWWWWWWWW SSSSSSSSSS WWWWWWWWWW WWWWWWWWWW WWWWWWWWWW WWWWWWSSSS SSSSSSSSSS SSSSSSSSSS SSSSWSSSSS SSSSSSSSSS WWWWWWWWWW WWWWWWWWWW WWWWWWWWWS SSSSSSSSSS SSSSSSSSSS SSSSSSSSSS SWSSSSSSSS SSSSSSSSSW WSSSSSSSSS SWWWWWWWWW WWWWWWWWWW WWWWWWWWWW WWWWWWWWWW 
A2_Thiomicrospira_GammaP_HydrothermalSulfurOx  WSWWWWWWWW WWWWWWWWWW WWWWWWWWWW WSSSSSSSSS WWWWWWWWWW WWWWWWWWWW WWWWWWWWWW WWWWWWSSSS SSSSSSSSSS SSSSSSSSSS SSSSWSSSSS SSSSSSSSSS WWWWWWWWWW WWWWWWWWWW WWWWWWWWWS SSSSSSSSSS SSSSSSSSSS SSSSSSSSSS SWSSSSSSSS SSSSSSSSSW WSSSSSSSSS SSSWWWWWWW WWWWWWWWWW WWWWWWWWWW WWWWWWWWWW 
A_Acidithiobacillus_GammaP      WWWWWWWWWW WWWWWWWWWW WWWWWWWWWW WWSSSSSSSS SSSSSSWWWW WWWWWWWWWW WWWWWWWWWW WWWWWWSSSS SSSSSSSSSS SSSSSSSSSS SSSSWSSSSS SSSSSSSSSS WWWWWWWWWW WWWWWWWWWW WWWWWWWWWS SSSSSSSSSS SSSSSSSSSS SSSSSSSSSS SWSSSSSSSS SSSSSSSSSW WSSSSSSSSS SSSWWWWWWW WWWWWWWWWW WWWWWWWWWW WWWWWWWWWW 
A_Alkalilimnicola_GammaP        WWWWWWWWWW WWWWWWWWWW WWWWWWWWWW WWSSSSSSSS SSSSSSWWWW WWWWWWWWWW WWWWWWWWWW WWWWWWSSSS SSSSSSSSSS SSSSSSSSSS SSSSWSSSSS SSSSSSSSSS WWWWWWWWWW WWWWWWWWWW WWWWWWWWWS SSSSSSSSSS SSSSSSSSSS SSSSSSSSSS SWSSSSSSSS SSSSSSSSSW WSSSSSSSSS SSSWWWWWWW WWWWWWWWWW WWWWWWWWWW WWWWWWWWWW 
A_Cupriavidus_BetaP             WWWWWWWWWW WWWWWWWWWW WWWWWWWWWW WWSSSSSSSS SSSSSSWWWW WWWWWWWWWW WWWWWWWWWW WWWWWWSSSS SSSSSSSSSS SSSSSSSSSS SSSSWSSSSS SSSSSSSSSS WWWWWWWWWW WWWWWWWWWW WWWWWWWWWS SSSSSSSSSS SSSSSSSSSS SSSSSSSSSS SWSSSSSSSS SSSSSSSSSW WSSSSSSSSS SSSWWWWWWW WWWWWWWWWW WWWWWWWWWW WWWWWWWWWW 
A_Halorhodospira_GammaP         WWWWWWWWWW WWWWWWWWWW WWWWWWWWWW WWSSSSSSSS SSSSSSWWWW WWWWWWWWWW WWWWWWWWWW WWWWWWSSSS SSSSSSSSSS SSSSSSSSSS SSSSWSSSSS SSSSSSSSSS WWWWWWWWWW WWWWWWWWWW WWWWWWWWWS SSSSSSSSSS SSSSSSSSSS SSSSSSSSSS SWSSSSSSSS SSSSSSSSSW WSSSSSSSSS SSSSWWWWWW WWWWWWWWWW WWWWWWWWWW WWWWWWWWWW 
A_Hydrogenophilus_BetaP_Thermophillic  WSSSWWWWWW WWWWWWWWWW WWWWWWWWSS SSSSSSSSSS SSSSSSWWWW WWWWWWWWWW WWWWWWWWWW WWWWWWSSSS SSSSSSSSSS SSSSSSSSSS SSSSWSSSSS SSSSSSSSSS WWWWWWWWWW WWWWWWWWWW WWWWWWWWWS SSSSSSSSSS SSSSSSSSSS SSSSSSSSSS SWSSSSSSSS SSSSSSSSSW WSSSSSSSSS SSWWWWWWWW WWWWWWWWWW WWWWWWWWWW WWWWWWWWWW 
A_Methylococcus_GammaP_Methanotrophic  WWWWWWWWWW WWWWWWWWWW WWWWWWWWWW WWSSSSSSSS SSSSSSWWWW WWWWWWWWWW WWWWWWWWWW WWWWWWSSSS SSSSSSSSSS SSSSSSSSSS SSSSWSSSSS SSSSSSSSSS WWWWWWWWWW WWWWWWWWWW WWWWWWWWWS SSSSSSSSSS SSSSSSSSSS SSSSSSSSSS SWSSSSSSSS SSSSSSSSSW WSSSSSSSSS SSSWWWWWWW WWWWWWWWWW WWWWWWWWWW WWWWWWWWWW 
A_Nitrobacter_AlphaP            WWWWWWWWWW WWWWWWWWWW WWWWWWWWWW WWWWWWWWWW WWWWWWWWWW WWWWWWWWWW WWWWWWWWWW WWWWWWSSSS SSSSSSSSSS SSSSSSSSSS SSSSWSSSSS SSSSSSSSSS WWWWWWWWWW WWWWWWWWWW WWWWWWWWWS SSSSSSSSSS SSSSSSSSSS SSSSSSSSSS SWSSSSSSSS SSSSSSSSSS SSSSSSSSSS SSSSSSSSSS SSSSSSSSSS SSSSSSSSSS SSSSSSSSWW 
A_Nitrosomonas_BetaP            WWWWWWWWWW WWWWWWWWWW WWWWWWWWWW WWSSSSSSSS SSSSSSWWWW WWWWWWWWWW WWWWWWWWWW WWWWWWSSSS SSSSSSSSSS SSSSSSSSSS SSSSWSSSSS SSSSSSSSSS WWWWWWWWWW WWWWWWWWWW WWWWWWWWWS SSSSSSSSSS SSSSSSSSSS SSSSSSSSSS SWSSSSSSSS SSSSSSSSSW WSSSSSSSSS SSSWWWWWWW WWWWWWWWWW WWWWWWWWWW WWWWWWWWWW 
A_Prochlorococcus_Cyanob        WSWWWWWWWW WWWWWWWWWW WWWWWWWWWW SSSSSSSSSS WWWWWWWWWW WWWWWWWWWW WWWWWWWWWW WWWWWWSSSS SSSSSSSSSS SSSSSSSSSS SSSSWSSSSS SSSSSSSSSS WWWWWWWWWW WWWWWWWWWW WWWWWWWWWS SSSSSSSSSS SSSSSSSSSS SSSSSSSSSS SWSSSSSSSS SSSSSSSSSW WSSSSSSSSS SWWWWWWWWW WWWWWWWWWW WWWWWWWWWW WWWWWWWWWW 
A_Synechococcus_Cyanob          WSWWWWWWWW WWWWWWWWWW WWWWWWWWWW SSSSSSSSSS WWWWWWWWWW WWWWWWWWWW WWWWWWWWWW WWWWWWSSSS SSSSSSSSSS SSSSSSSSSS SSSSWSSSSS SSSSSSSSSS WWWWWWWWWW WWWWWWWWWW WWWWWWWWWS SSSSSSSSSS SSSSSSSSSS SSSSSSSSSS SWSSSSSSSS SSSSSSSSSW WSSSSSSSSS SWWWWWWWWW WWWWWWWWWW WWWWWWWWWW WWWWWWWWWW 
ACDII_Rhodopse_AlphaP_purple_Nonsulfur  WWWWWWWWWW WWWWWWWWWW WWWWWWWWWW WWWWWWWWWW WWWWWWWWWW WWWWWWWWWW WWWWWWWWWW WWWWWWSSSS SSSSSSSSSS SSSSSSSSSS SSSSWSSSSS SSSSSSSSSS WWWWWWWWWW WWWWWWWWWW WWWWWWWWWS SSSSSSSSSS SSSSSSSSSS SSSSSSSSSS SWSSSSSSSS SSSSSSSSSS SSSSSSSSSS SSSSSSSSSS SSSSSSSSSS SSSSSSSSWS SSSSSSSSWW 
AII_Hydrogenovibr_GammaP_HydrogenOxidizing  WWWWWWWWWW WWWWWWWWWW WWWWWWWWWW WWSSSSSSSS SSSSSSWWWW WWWWWWWWWW WWWWWWWWWW WWWWWWSSSS SSSSSSSSSS SSSSSSSSSS SSSSWSSSSS SSSSSSSSSS WWWWWWWWWW WWWWWWWWWW WWWWWWWWWS SSSSSSSSSS SSSSSSSSSS SSSSSSSSSS SWSSSSSSSS SSSSSSSSSW WSSSSSSSSS SSWWWWWWWW WWWWWWWWWW WWWWWWWWWW WWWWWWWWWW 
AII_Rhodobacter_AlphaP          WWWWWWWWWW WWWWWWWWWW WWWWWWWWWW WWSSSSSSSS SSSSSSWWWW WWWWWWWWWW WWWWWWWWWW WWWWWWSSSS SSSSSSSSSS SSSSSSSSSS SSSSWSSSSS SSSSSSSSSS WWWWWWWWWW WWWWWWWWWW WWWWWWWWWS SSSSSSSSSS SSSSSSSSSS SSSSSSSSSS SWSSSSSSSS SSSSSSSSSW WSSSSSSSSS SSSWWWWWWW WWWWWWWWWW WWWWWWWWWW WWWWWWWWWW 
AII_Thiobacillus_BetaP          WWWWWWWWWW WWWWWWWWWW WWWWWWWWWW WWSSSSSSSS SSSSSSWWWW WWWWWWWWWW WWWWWWWWWW WWWWWWSSSS SSSSSSSSSS SSSSSSSSSS SSSSWSSSSS SSSSSSSSSS WWWWWWWWWW WWWWWWWWWW WWWWWWWWWS SSSSSSSSSS SSSSSSSSSS SSSSSSSSSS SWSSSSSSSS SSSSSSSSSW WSSSSSSSSS SSSWWWWWWW WWWWWWWWWW WWWWWWWWWW WWWWWWWWWW 
B_Anabaena_Cyanob               WSWWWWWWWW WWWWWWWWWW WWWWWWWWWW WWWWWWWWWW WWSSSSWWWW WWWWWWWWWW WWWWWWWWWW WWWWWWSSSS SSSSSSSSSS SSSSSSSSSS SSSSWSSSSS SSSSSSSSSS WWWWWWWWWW WWWWWWWWWW WWWWWWWWWS SSSSSSSSSS SSSSSSSSSS SSSSSSSSSS SWSSSSSSSS SSSSSSSSSW WSSSSSSSSS SSSWWWWWWW WWWWWWWWWW WWWWWWWWWW WWWWWWWWWW 
B_Chlamydomonas_Alga            WSSSSSSSSS SSSSSSSSWW WWWWWWWWSS SSSSSSSSSS WWWWWSSSWW SWWWWSSSSS SSWWSSSSSS SSSSSSSSSS SSSSSSSSSS SSSSSSSSSS SSSSWSSSSS SSSSSSSSSS WWWWWWWSSS SSSWSSSSSW WWSSSSSSSS SSSSSSSSSS SSSSSSSSSS SSSSSSSSSS SWSSSSSSSS SSSSSSSSSW WSSSSSSSSS SSSSSSSWWW WWWWWWWWWW WWWWWWWWWW SSSSSSSWWW 
B_Chlorellaalga                 WSSSSSSSSS WSSSSSSSSS SSSWWWWWSS SSSSSSSSSS SSSSSSWWWW SSSSSSSSSS SSWWSSSSSW WWSSSSSSSS SSSSSSSSWW SSSSSSSSSS SSSSSSSSSS SSSSSSSSSS WWWWWWWSSS SSSSWSSSSW SSSSSSSSSS SSSSSSSSSS SSSSSSSSSS SSSSSSSSSS SWSSSSSSSS SSSSSSSSSW WSSSSSSSSS SSSSSSSSSS SSSSSSSSSS SSSWWWWWWS SSSSSSSSSS 
B_Euglena_Protist               WWWWWWWWWW WWWWWWWWWW WWWWWWWWWW WWWWWWWWWW WWWWWWWWWW WWWWWWWWWW WWWWWWWWWS SSSSSSSSSS SSSSSSSSSS SSSSSSSSSS SSSSWSSSSS SSSSSSSSSS SSSSSSSSSS SSSWSSSSSW WWSSSSSSSS SSSSSSSSSS SSSSSSSSSS SSSSSSSSSS SWSSSSSSSS SSSSSSSSSW WSSSSSSSSS SSSSSWWWWW WWWWWWWWWW WWWWWWWWWW WWWWWWWWWW 
B_Gloeobacter_Cyanob            WSWWWWWWWW WWWWWWWWWW WWWWWWWWWW WWWWWWWWWW WWSSSSWWWW WWWWWWWWWW WWWWWWWWWW WWWWWWSSSS SSSSSSSSSS SSSSSSSSSS SSSSWSSSSS SSSSSSSSSS WWWWWWWWWW WWWWWWWWWW WWWWWWWWWS SSSSSSSSSS SSSSSSSSSS SSSSSSSSSS SWSSSSSSSS SSSSSSSSSW WSSSSSSSSS WWWWWWWWWW WWWWWWWWWW WWWWWWWWWW WWWWWWWWWW 
B_Marchantia_Plant              WSSSSSSSSS SSSSSSSSSS WSSSSSSSSS SSSSSSSSSS WWWWWSSSWS SSSSSSSSSS SSWWSSSSSS SSSSSSSSSS SSSSSSSSSS SSSSSSSSSS SSSSWSSSSS SSSSSSSSSS WWWWWWWWWW WWWWWSSSSW WWSSSSSSSS SSSSSSSSSS SSSSSSSSSS SSSSSSSSSS SSSSSSSSSS SSSSSSSSSW WSSSSSSSSS SSWWWWWWWW WWWWWWWWWW WWWWWWWWWW WWWWWWWWWW 
B_Nicotiana_Planttabacco        WSSSSSSSSS SSSSSSSSSW WWWWWWWWSS SSSSSSSSSS SSSSSSSSSS SSSSSSSSSS SSWWSSSSSS SSSSSSSSSS SSSSSSSSSS SSSSSSSSSS SSSSWSSSSS SSSSSSSSSS WWWWWWWWWW WWWWSSSSSW WWSSSSSSSS SSSSSSSSSS SSSSSSSSSS SSSSSSSSSS SWSSSSSSSS SSSSSSSSSW WSSSSSSSSS SSSWWWWWWW WWWWWWWWWW WWWWWWWWWW WWWWWWWWWW 
B_Nostoc_Cyanob                 WSWWWWWWWW WWWWWWWWWW WWWWWWWWWW WWWWWWWWWW WWSSSSWWWW WWWWWWWWWW WWWWWWWWWW WWWWWWSSSS SSSSSSSSSS SSSSSSSSSS SSSSWSSSSS SSSSSSSSSS WWWWWWWWWW WWWWWWWWWW WWWWWWWWWS SSSSSSSSSS SSSSSSSSSS SSSSSSSSSS SWSSSSSSSS SSSSSSSSSW WSSSSSSSSS SSSWWWWWWW WWWWWWWWWW WWWWWWWWWW WWWWWWWWWW 
B_Ostreococcus_alga             WSWWWWWWWW WWWWWWWWWW WWWWWWWWWW SSSSSSSSSS WWWWWWWWWW SWWWWSSSSS SSSSSSSSSS SSSSSSSSSS SSSSSSSSSS SSSSSSSSSS SSSSWSSSSS SSSSSSSSSS WWWWWWWSSS SSSSSSSSSW WWSSSSSSSS SSSSSSSSSS SSSSSSSSSS SSSSSSSSSS SWSSSSSSSS SSSSSSSSSW WSSSSSSSSS SSSSSSSSSS SSSSSWWWWW WWWWWWWWWW WWWWWWWWWW 
B_Physcomitrella_PlantMoss      WSSSSSSSSS WSSSSSSSSS SSSSSSSSSS SSSSSSSSSS SSSSSSWWWW SSSSSSSSSS SSWWSSSSSS SSSSSSSSSS SSSSSSSSSS SSSSSSSSSS SSSSWSSSSS SSSSSSSSSS WWWWWWWWWW WWWWWSSSSS SSSSSSSSSS SSSSSSSSSS SSSSSSSSSS SSSSSSSSSS SWSSSSSSSS SSSSSSSSSW WSSSSSSSSS SWWWWWWWWW WWWWWWWWWW WWWWWWWWWW WWWWWWWWWW 
B_Prochlorothrix_Cyano          WSWWWWWWWW WWWWWWWWWW WWWWWWWWWW WWWWWWWWWW WWSSSSWWWW WWWWWWWWWW WWWWWWWWWW WWWWWWSSSS SSSSSSSSSS SSSSSSSSSS SSSSWSSSSS SSSSSSSSSS WWWWWWWWWW WWWWWWWWWW WWWWWWWWWS SSSSSSSSSS SSSSSSSSSS SSSSSSSSSS SWSSSSSSSS SSSSSSSSSW WSSSSSSSSS SSSWWWWWWW WWWWWWWWWW WWWWWWWWWW WWWWWWWWWW 
B_Selaginella_PlantFern         WSWWWWWWWW WWWWWWWWWW WWWWWWWWWS SSSSSSSSSS SSSSSSWWWW SSSSSSSSSS SSWWSSSSSS SSSSSSSSSS SSSSSSSSSS SSSSSSSSSS SSSSWSSSSS SSSSSSSSSS WWWWWWWWWW WWWWWSSSSW WWSSSSSSSS SSSSSSSSSS SSSSSSSSSS SSSSSSSSSS SWSSSSSSSS SSSSSSSSSW WSSSSSSSSS SSSSSWWWWW WWWWWWWWWW WWWWWWWWWW WSWWWWWWWW 
B_Spinacia_Plant                WSSSSSSSSS SSSSSSSSSS WWWWWWWWSS SSSSSSSSSS SSSSSSSSWS SSSSSSSSSS SSWWSSSSSS SSSSSSSSSS SSSSSSSSSS SSSSSSSSSS SSSSWSSSSS SSSSSSSSSS WWWWWWWWWW WWWWSSSSSW WWSSSSSSSS SSSSSSSSSS SSSSSSSSSS SSSSSSSSSS SWSSSSSSSS SSSSSSSSSW WSSSSSSSSS SSSWWWWWWW WWWWWWWWWW WWWWWWWWWW WWWWWWWWWW 
B_Synechococcus_Cyanob          SSWWWWWWWW WWWWWWWWWW WWWWWWWWWW WWWWWWWWWW WWSSSSWWWW WWWWWWWWWW WWWWWWWWWW WWWWWWSSSS SSSSSSSSSS SSSSSSSSSS SSSSWSSSSS SSSSSSSSSS WWWWWWWWWW WWWWWWWWWW WWWWWWWWWS SSSSSSSSSS SSSSSSSSSS SSSSSSSSSS SWSSSSSSSS SSSSSSSSSW WSSSSSSSSS SSWWWWWWWW WWWWWWWWWW WWWWWWWWWW WWWWWWWWWW 
B_Synechocystis_Cyanob          WSWWWWWWWW WWWWWWWWWW WWWWWWWWWW WWWWWWWWWW WWSSSSWWWW WWWWWWWWWW WWWWWWWWWW WWWWWWSSSS SSSSSSSSSS SSSSSSSSSS SSSSWSSSSS SSSSSSSSSS WWWWWWWWWW WWWWWWWWWW WWWWWWWWWS SSSSSSSSSS SSSSSSSSSS SSSSSSSSSS SWSSSSSSSS SSSSSSSSSW WSSSSSSSSS SSSSSSSWWW WWWWWWWWWW WWWWWWWWWW WWWWWWWWWW 
B_Thermosynechococcus_Cyanob    WSWWWWWWWW WWWWWWWWWW WWWWWWWWWW WWWWWWWWWW WWSSSSWWWW WWWWWWWWWW WWWWWWWWWW WWWWWWSSSS SSSSSSSSSS SSSSSSSSSS SSSSWSSSSS SSSSSSSSSS WWWWWWWWWW WWWWWWWWWW WWWWWWWWWS SSSSSSSSSS SSSSSSSSSS SSSSSSSSSS SWSSSSSSSS SSSSSSSSSW WSSSSSSSSS SSSSSSSWWW WWWWWWWWWW WWWWWWWWWW WSSSSSWWWW 
B_Trichodesmium_Cyanob          WSWWWWWWWW WWWWWWWWWW WWWWWWWWWW WWWWWWWWWW WWSSSSWWWW WWWWWWWWWW WWWWWWWWWW WWWWWWSSSS SSSSSSSSSS SSSSSSSSSS SSSSWSSSSS SSSSSSSSSS WWWWWWWWWW WWWWWWWWWW WWWWWWWWWS SSSSSSSSSS SSSSSSSSSS SSSSSSSSSS SWSSSSSSSS SSSSSSSSSW WSSSSSSSSS SSSSSWWWWW WWWWWWWWWW WWWWWWWWWW WWWWWWWWWW 
CD_Acidiphilium_AlphaP          WWWWWWWWWW WWWWWWWWWW WWWWWWWWWW WWWWWWWWWW WWWWWWWWWW WWWWWWWWWW WWWWWWWWWW WWWWWWSSSS SSSSSSSSSS SSSSSSSSSS SSSSWSSSSS SSSSSSSSSS WWWWWWWWWW WWWWWWWWWW WWWWWWWWWS SSSSSSSSSS SSSSSSSSSS SSSSSSSSSS SWSSSSSSSS SSSSSSSSSS SSSSSSSSSS SSSSSSSSSS SSSSSSSSSS SSSSSSSSWS SSSSSSSSSS 
CD_Burkholderia_BetaP           WWWWWWWWWW WWWWWWWWWW WWWWWWWWWW WWWWWWWWWW WWWWWWWWWW WWWWWWWWWW WWWWWWWWWW WWWWWWSSSS SSSSSSSSSS SSSSSSSSSS SSSSWSSSSS SSSSSSSSSS WWWWWWWWWW WWWWWWWWWW WWWWWWWWWS SSSSSSSSSS SSSSSSSSSS SSSSSSSSSS SWSSSSSSSS SSSSSSSSSS SSSSSSSSSS SSSSSSSSSS SSSSSSSSSS SSSSSSSSWS SSSSSSSSSS 
CD_Cylindrotheca_alga           WWWWWWWWWW WWWWWWWWWW WWWWWWWWWW WWWWWWWWWW WWWWWWWWWW WWWWWWWWWW WWWWWWWWWW WWWWWWSSSS SSSSSSSSSS SSSSSSSSSS SSSSWSSSSS SSSSSSSSSS WWWWWWWWWW WWWWWWWWWW WWWWWWWWWS SSSSSSSSSS SSSSSSSSSS SSSSSSSSSS SWSSSSSSSS SSSSSSSSSS SSSSSSSSSS SSSSSSSSSS SSSSSSSSSS SSSSSSSSSS SSSSSSWWWW 
CD_Ectocarpus_algabrown         WWWWWWWWWW WWWWWWWWWW WWWWWWWWWW WWWWWWWWWW WWWWWWWWWW WWWWWWWWWW WWWWWWWWWW WWWWWWSSSS SSSSSSSSSS SSSSSSSSSS SSSSWSSSSS SSSSSSSSSS WWWWWWWWWW WWWWWWWWWW WWWWWWWWWS SSSSSSSSSS SSSSSSSSSS SSSSSSSSSS SWSSSSSSSS SSSSSSSSSS SSSSSSSSSS SSSSSSSSSS SSSSSSSSSS SSSSSSSSSS SSSSSSWWWW 
CD_Emiliania_Diatom_PhytoplanktonEu  WWWWWWWWWW WWWWWWWWWW WWWWWWWWWW WWWWWWWWWW WWWWWWWWWW WWWWWWWWWW WWWWWWWWWW WWWWWWSSSS SSSSSSSSSS SSSSSSSSSS SSSSWSSSSS SSSSSSSSSS WWWWWWWWWW WWWWWWWWWW WWWWWWWWWS SSSSSSSSSS SSSSSSSSSS SSSSSSSSSS SWSSSSSSSS SSSSSSSSSS SSSSSSSSSS SSSSSSSSSS SSSSSSSSSS SSSSSSSSSS SSSSSSWWWW 
CD_Nitrobacter_AlphaP           WWWWWWWWWW WWWWWWWWWW WWWWWWWWWW WWWWWWWWWW WWWWWWWWWW WWWWWWWWWW WWWWWWWWWW WWWWWWSSSS SSSSSSSSSS SSSSSSSSSS SSSSWSSSSS SSSSSSSSSS WWWWWWWWWW WWWWWWWWWW WWWWWWWWWS SSSSSSSSSS SSSSSSSSSS SSSSSSSSSS SWSSSSSSSS SSSSSSSSSS SSSSSSSSSS SSSSSSSSSS SSSSSSSSSS SSSSSSSSSS SSSSSSSSWW 
CD_Nitrosococcus_GammaP         WSWWWWWWWW WWWWWWWWWW WWWWWWWWWW WWWWWWWWWW WWWWWWWWWW WWWWWWWWWW WWWWWWWWWW WSSSSSSSSS SSSSSSSSSS SSSSSSSSSS SSSSWSSSSS SSSSSSSSSS WWWWWWWWWW WWWWWWWWWW WWWWWWWWWS SSSSSSSSSS SSSSSSSSSS SSSSSSSSSS SWSSSSSSSS SSSSSSSSSS SSSSSSSSSS SSSSSSSSSS SSSSSSSSSS SSSSSSSSWS SSSSSSSWWW 
CD_Nitrosospira_BetaP           WSWWWWWWWW WWWWWWWWWW WWWWWWWWWW WWWWWWWWWW WWWWWWWWWW WWWWWWWWWW WWWWWWWWWW WSSSSSSSSS SSSSSSSSSS SSSSSSSSSS SSSSWSSSSS SSSSSSSSSS WWWWWWWWWW WWWWWWWWWW WWWWWWWWWS SSSSSSSSSS SSSSSSSSSS SSSSSSSSSS SWSSSSSSSS SSSSSSSSSS SSSSSSSSSS SSSSSSSSSS SSSSSSSSSS SSSSSSSSWS SSSSSSWWWW 
CD_Odontella_alga               WWWWWWWWWW WWWWWWWWWW WWWWWWWWWW WWWWWWWWWW WWWWWWWWWW WWWWWWWWWW WWWWWWWWWW WWWWWWSSSS SSSSSSSSSS SSSSSSSSSS SSSSWSSSSS SSSSSSSSSS WWWWWWWWWW WWWWWWWWWW WWWWWWWWWS SSSSSSSSSS SSSSSSSSSS SSSSSSSSSS SWSSSSSSSS SSSSSSSSSS SSSSSSSSSS SSSSSSSSSS SSSSSSSSSS SSSSSSSSSS SSSSSSWWWW 
CD_Olisthodiscus_alga           WWWWWWWWWW WWWWWWWWWW WWWWWWWWWW WWWWWWWWWW WWWWWWWWWW WWWWWWWWWW WWWWWWWWWW WWWWWWSSSS SSSSSSSSSS SSSSSSSSSS SSSSWSSSSS SSSSSSSSSS WWWWWWWWWW WWWWWWWWWW WWWWWWWWWS SSSSSSSSSS SSSSSSSSSS SSSSSSSSSS SWSSSSSSSS SSSSSSSSSS SSSSSSSSSS SSSSSSSSSS SSSSSSSSSS SSSSSSSSSS SSSSSSWWWW 
CD_Paracoccus_AlphaP            WWWWWWWWWW WWWWWWWWWW WWWWWWWWWW WWWWWWWWWW WWWWWWWWWW WWWWWWWWWW WWWWWWWWWW WWWWWWSSSS SSSSSSSSSS SSSSSSSSSS SSSSWSSSSS SSSSSSSSSS WWWWWWWWWW WWWWWWWWWW WWWWWWWWWS SSSSSSSSSS SSSSSSSSSS SSSSSSSSSS SWSSSSSSSS SSSSSSSSSS SSSSSSSSSS SSSSSSSSSS SSSSSSSSSS SSSSSSWWWW WWWWWWWWWW 
CD_Pleurochrysis_alga           WWWWWWWWWW WWWWWWWWWW WWWWWWWWWW WWWWWWWWWW WWWWWWWWWW WWWWWWWWWW WWWWWWWWWW WWWWWWSSSS SSSSSSSSSS SSSSSSSSSS SSSSWSSSSS SSSSSSSSSS WWWWWWWWWW WWWWWWWWWW WWWWWWWWWS SSSSSSSSSS SSSSSSSSSS SSSSSSSSSS SWSSSSSSSS SSSSSSSSSS SSSSSSSSSS SSSSSSSSSS SSSSSSSSSS SSSSSSSSSS SSSSSSWWWW 
CD_Porphyridium_alga            WWWWWWWWWW WWWWWWWWWW WWWWWWWWWW WWWWWWWWWW WWWWWWWWWW WWWWWWWWWW WWWWWWWWWW WWWWWWSSSS SSSSSSSSSS SSSSSSSSSS SSSSWSSSSS SSSSSSSSSS WWWWWWWWWW WWWWWWWWWW WWWWWWWWWS SSSSSSSSSS SSSSSSSSSS SSSSSSSSSS SWSSSSSSSS SSSSSSSSSS SSSSSSSSSS SSSSSSSSSS SSSSSSSSSS SSSSSSSSWS SSSSSSWWWW 
CD_Rhodobacter_AlphaP           WWWWWWWWWW WWWWWWWWWW WWWWWWWWWW WWWWWWWWWW WWWWWWWWWW WWWWWWWWWW WWWWWWWWWW WWWWWWSSSS SSSSSSSSSS SSSSSSSSSS SSSSWSSSSS SSSSSSSSSS WWWWWWWWWW WWWWWWWWWW WWWWWWWWWS SSSSSSSSSS SSSSSSSSSS SSSSSSSSSS SWSSSSSSSS SSSSSSSSSS SSSSSSSSSS SSSSSSSSSS SSSSSSSSSS SSSSSSWWWW WWWWWWWWWW 
CD_Rubrivivax_BetaP             WSWWWWWWWW WWWWWWWWWW WWWWWWWWWW WWWWWWWWWW WWWWWWWWWW WWWWWWWWWW WWWWWWWWWW WSSSSSSSSS SSSSSSSSSS SSSSSSSSSS SSSSWSSSSS SSSSSSSSSS WWWWWWWWWW WWWWWWWWWW WWWWWWWWWS SSSSSSSSSS SSSSSSSSSS SSSSSSSSSS SWSSSSSSSS SSSSSSSSSS SSSSSSSSSS SSSSSSSSSS SSSSSSSSSS SSSSSSSSWS SSSSSSWWWW 
CD_Sinorhizobium_AlphaP         WWWWWWWWWW WWWWWWWWWW WWWWWWWWWW WWWWWWWWWW WWWWWWWWWW WWWWWWWWWW WWWWWWWWWW WWWWWWSSSS SSSSSSSSSS SSSSSSSSSS SSSSWSSSSS SSSSSSSSSS WWWWWWWWWW WWWWWWWWWW WWWWWWWWWS SSSSSSSSSS SSSSSSSSSS SSSSSSSSSS SWSSSSSSSS SSSSSSSSSS SSSSSSSSSS SSSSSSSSSS SSSSSSSSSS SSSSSSWWWW WWWWWWWWWW 



Printing out site pattern counts


        51         56  P

A1_Allochromatium_GammaP        SSSSSSSSWW WWWWWWWWWW WWWWWWWWWW WWWWWWWWWW WWWWWWWWWW WWWWWW
A1_Thiomicrospira_GammaP_HydrothermalSulfurOx  SSSWWWWWSS SSSSWWWWWW WWWWWWWWWW WWWWWWWWWW WWWWWWWWWW WWWWWW
A2_Allochromatium_GammaP        SSWSWWWWSS SWWWSSSWWW WWWWWWWWWW WWWWWWWWWW WWWWWWWWWW WWWWWW
A2_Thiomicrospira_GammaP_HydrothermalSulfurOx  SSWSWWWWSS SSWWSSWSWW WWWWWWWWWW WWWWWWWWWW WWWWWWWWWW WWWWWW
A_Acidithiobacillus_GammaP      SSSWWWWWSS SSSSSWWSWW WWWWWWWWWW WWWWWWWWWW WWWWWWWWWW WWWWWW
A_Alkalilimnicola_GammaP        SSSWWWWWSS SSSSSWWSWW WWWWWWWWWW WWWWWWWWWW WWWWWWWWWW WWWWWW
A_Cupriavidus_BetaP             SSSWWWWWSS SSSSSWWSWW WWWWWWWWWW WWWWWWWWWW WWWWWWWWWW WWWWWW
A_Halorhodospira_GammaP         SSSWWWWWSS SSSSSWWSSW WWWWWWWWWW WWWWWWWWWW WWWWWWWWWW WWWWWW
A_Hydrogenophilus_BetaP_Thermophillic  SSSSWWWWSS SSSSSSSWWS SWWWWWWWWW WWWWWWWWWW WWWWWWWWWW WWWWWW
A_Methylococcus_GammaP_Methanotrophic  SSSWWWWWSS SSSSSWWSWW WWWWWWWWWW WWWWWWWWWW WWWWWWWWWW WWWWWW
A_Nitrobacter_AlphaP            SSWWWWWWSS WSWWWWWSSW WSSSSSSSSS SSSSWWWWWW WWWWWWWWWW WWWWWW
A_Nitrosomonas_BetaP            SSSWWWWWSS SSSSSWWSWW WWWWWWWWWW WWWWWWWWWW WWWWWWWWWW WWWWWW
A_Prochlorococcus_Cyanob        SSWSWWWWSS SWWWSSSWWW WWWWWWWWWW WWWWWWWWWW WWWWWWWWWW WWWWWW
A_Synechococcus_Cyanob          SSWSWWWWSS SWWWSSSWWW WWWWWWWWWW WWWWWWWWWW WWWWWWWWWW WWWWWW
ACDII_Rhodopse_AlphaP_purple_Nonsulfur  SSWWWWWWSS WSWWWWWSSW WSSSSSSSSS SSSWWWWWWW WWWWWWWWWW WWWWWW
AII_Hydrogenovibr_GammaP_HydrogenOxidizing  SSSWWWWWSS SSSSSWWWWW WWWWWWWWWW WWWWWWWWWW WWWWWWWWWW WWWWWW
AII_Rhodobacter_AlphaP          SSSWWWWWSS SSSSSWWSWW WWWWWWWWWW WWWWWWWWWW WWWWWWWWWW WWWWWW
AII_Thiobacillus_BetaP          SSSWWWWWSS SSSSSWWSWW WWWWWWWWWW WWWWWWWWWW WWWWWWWWWW WWWWWW
B_Anabaena_Cyanob               SSSSWWWWSS WSSWWWWSWW WWWWWWWWWW WWWWWWWWWW WWWWWWWWWW WWWWWW
B_Chlamydomonas_Alga            SSSSSSSSSS SSWWSSSSSS SSSSSSSWWW WWWWSSSSSS WWWWWWWWWW WWWWWW
B_Chlorellaalga                 SSSSSSWWSW SSSSSSSSSS SSSSSSSSSS SWWWSSSSWW SSSSSSSSWW WWWWWW
B_Euglena_Protist               SSWWSWSSSS WSWWWWWSSW WSWWWWWWWW WWWWSSWWSW WWWWWWWWSW WWWWWW
B_Gloeobacter_Cyanob            SWSSWWWWSS WWSWWWWWWW WWWWWWWWWW WWWWWWWWWW WWWWWWWWWW WWWWWW
B_Marchantia_Plant              SSSSSSSSSS SSWWSSSWWS SWWWWWWWWW WWWWSWSSWS SSSSWWWWWS SSWWWW
B_Nicotiana_Planttabacco        SSSSSSSSSS SSSSSSSSWS SWWWWWWWWW WWWWSWSSSS SSWWWWWWWS WWSWWW
B_Nostoc_Cyanob                 SSSSWWWWSS WSSWWWWSWW WWWWWWWWWW WWWWWWWWWW WWWWWWWWWW WWWWWW
B_Ostreococcus_alga             SSWSSSSSSS SSWWSSSSSW WSSWWWWSWW WWWWSSSWSW WWWWSWWWWW WWWSWW
B_Physcomitrella_PlantMoss      SSSSSSSSSS SWSSSSSWWS SWWWWWWWWW WWWWSWSSWW SSSSWSWWWW SWWWSW
B_Prochlorothrix_Cyano          SSSSWWWWSS WSSWWWWSWW WWWWWWWWWW WWWWWWWWWW WWWWWWWWWW WWWWWW
B_Selaginella_PlantFern         SSSSSSSSSS SSSSSSSSSS WSWSWWWWWW WWWWSWSWWW SWWWWWWWWW WWWWWW
B_Spinacia_Plant                SSSSSSSSSS SSSSSSSSWS SWWWWWWWWW WWWWSWSSSS SSSWWWWWWS WWWWWW
B_Synechococcus_Cyanob          SSSSWWWWSS WSSWWWWWWW WWWWWWWWWW WWWWWWWWWW WWWWWWWWWW WWWWWS
B_Synechocystis_Cyanob          SSSSWWWWSS WSSWWWWSSW WSSWWWWWWW WWWWWWWWWW WWWWWWWWWW WWWWWW
B_Thermosynechococcus_Cyanob    SSSSWWWWSS WSSWWWWSSW WSSSSWWWWW WWWWWWWWWW WWWWWWWWWW WWWWWW
B_Trichodesmium_Cyanob          SSSSWWWWSS WSSWWWWSSW WSWWWWWWWW WWWWWWWWWW WWWWWWWWWW WWWWWW
CD_Acidiphilium_AlphaP          SSWWWWWWSS WSWWWWWSSW WSSSSSSSSS SSSWWWWWWW WWWWWWSWWW WWWWWW
CD_Burkholderia_BetaP           SSWWWWWWSS WSWWWWWSSW WSSSSSSSSS SSSWWWWWWW WWWWWWSWWW WWWWWW
CD_Cylindrotheca_alga           SSWWWWWWSS WSWWWWWSSW WSSSSSWSSS WSSSWWWWWW WWWWWWWWWW WWWWWW
CD_Ectocarpus_algabrown         SSWWWWWWSS WSWWWWWSSW WSSSSSWSSS WSSSWWWWWW WWWWWWWWWW WWWWWW
CD_Emiliania_Diatom_PhytoplanktonEu  SSWWWWWWSS WSWWWWWSSW WSSSSSWSSS WSSSWWWWWW WWWWWWWWWW WWWWWW
CD_Nitrobacter_AlphaP           SSWWWWWWSS WSWWWWWSSW WSSSSSSSSS SSSSWWWWWW WWWWWWWWWW WWWWWW
CD_Nitrosococcus_GammaP         SSWSSWSWSS WSWWWWWSSW WSSSSSSSSS WSSWWWWWWW WWWWWWWWWW WWWWWW
CD_Nitrosospira_BetaP           SSWSSWSWSS WSWWWWWSSW WSSSSSWSSS WSSWWWWWWW WWWWWWWWWW WWWWWW
CD_Odontella_alga               SSWWWWWWSS WSWWWWWSSW WSSSSSWSSS WSSSWWWWWW WWWWWWWWWW WWWWWW
CD_Olisthodiscus_alga           SSWWWWWWSS WSWWWWWSSW WSSSSSWSSS WSSSWWWWWW WWWWWWWWWW WWWWWW
CD_Paracoccus_AlphaP            SSWWWWWWSS WSWWWWWSSW WSSWWWWSSW WSWWWWWWWW WWWWWWWWWW WWWWWW
CD_Pleurochrysis_alga           SSWWWWWWSS WSWWWWWSSW WSSSSSWSSS WSSSWWWWWW WWWWWWWWWW WWWWWW
CD_Porphyridium_alga            SSWWWWWWSS WSWWWWWSSW WSSSSSWSSS WSSWWWWWWW WWWWWWWWWW WWWWWW
CD_Rhodobacter_AlphaP           SSWWWWWWSS WSWWWWWSSW WSSWWWWSSW WSWWWWWWWW WWWWWWWWWW WWWWWW
CD_Rubrivivax_BetaP             SSWSSWSWSS WSWWWWWSSW WSSSSSWSSS WSSWWWWWWW WWWWWWWWWW WWWWWW
CD_Sinorhizobium_AlphaP         SSWWWWWWSS WSWWWWWSSW WSSWWWWSSW WSWWWWWWWW WWWWWWWWWW WWWWWW



   98    1    1    1    4   11    1    2    1    2    7    1    3    2    1
    1    1    1    1    1    3    1    2    1    4    1    1    8    8    1
    1    5    2    1   11    6    2   13    1    3    4    1    1    2    1
    3    2    1    7    1    5    1    1    2    1    1


Site-to-pattern map:  56  4 21 21 38 38 38 38 38 38 40 38 38 38 38 38 38 38 42 43 46 44 44 51 51 51 51 51 21 20 17 16 15 11 11 11 11 11 11 11 14 14 13 13 13  3 40 40 53 50 37 41 41 41 41  6  6  6  6  6  6 37 54 54  6  6  6  6  6  8  8  7  5  5  5  5  1  1  1  1  1  1  1  1  1  1  1  1 10 10  1  1  1  1  1  1  1  1  1  1  1  1  1  1 48  1  1  1  1  1  1  1  1  1  1  1  1  1  1  1 49 49 49 49 49 49 49 36 36 36 36 36 36 45 39 35 35 35 35 55 46 46 35 35 35 35 35 35 35  1  1  1  1  1  1  1  1  1  1  1  1  1  1  1  1  1  1  1  1  1  1  1  1  1  1  1  1  1  1  1  1 52  1  1  1  1  1  1  1  1  1  1  1  1  1  1  1  1  1 32 32  9  1  1  1  1  1  1  1  1  2 12 18 19 22 23 23 28 28 28 28 28 28 28 28 29 29 29 29 29 29 29 29 32 32 32 33 33 34 30 26 24 25 25 25 25 27 31 47 47

BASEML (in paml version 4.9j, February 2020)  ASRTEMP_compactalignment_ASRTEMP.fasta.presabsaln  F81 dGamma (ncatG=4)
Frequencies..
                                    T      C      A      G
A1_Allochromatium_GammaP       0.26200 0.23800 0.26200 0.23800 GC = 0.476
A1_Thiomicrospira_GammaP_HydrothermalSulfurOx 0.26800 0.23200 0.26800 0.23200 GC = 0.464
A2_Allochromatium_GammaP       0.27400 0.22600 0.27400 0.22600 GC = 0.452
A2_Thiomicrospira_GammaP_HydrothermalSulfurOx 0.27200 0.22800 0.27200 0.22800 GC = 0.456
A_Acidithiobacillus_GammaP     0.26400 0.23600 0.26400 0.23600 GC = 0.472
A_Alkalilimnicola_GammaP       0.26400 0.23600 0.26400 0.23600 GC = 0.472
A_Cupriavidus_BetaP            0.26400 0.23600 0.26400 0.23600 GC = 0.472
A_Halorhodospira_GammaP        0.26200 0.23800 0.26200 0.23800 GC = 0.476
A_Hydrogenophilus_BetaP_Thermophillic 0.25200 0.24800 0.25200 0.24800 GC = 0.496
A_Methylococcus_GammaP_Methanotrophic 0.26400 0.23600 0.26400 0.23600 GC = 0.472
A_Nitrobacter_AlphaP           0.21800 0.28200 0.21800 0.28200 GC = 0.564
A_Nitrosomonas_BetaP           0.26400 0.23600 0.26400 0.23600 GC = 0.472
A_Prochlorococcus_Cyanob       0.27400 0.22600 0.27400 0.22600 GC = 0.452
A_Synechococcus_Cyanob         0.27400 0.22600 0.27400 0.22600 GC = 0.452
ACDII_Rhodopse_AlphaP_purple_Nonsulfur 0.22000 0.28000 0.22000 0.28000 GC = 0.560
AII_Hydrogenovibr_GammaP_HydrogenOxidizing 0.26600 0.23400 0.26600 0.23400 GC = 0.468
AII_Rhodobacter_AlphaP         0.26400 0.23600 0.26400 0.23600 GC = 0.472
AII_Thiobacillus_BetaP         0.26400 0.23600 0.26400 0.23600 GC = 0.472
B_Anabaena_Cyanob              0.28200 0.21800 0.28200 0.21800 GC = 0.436
B_Chlamydomonas_Alga           0.13000 0.37000 0.13000 0.37000 GC = 0.740
B_Chlorellaalga                0.07200 0.42800 0.07200 0.42800 GC = 0.856
B_Euglena_Protist              0.22400 0.27600 0.22400 0.27600 GC = 0.552
B_Gloeobacter_Cyanob           0.28800 0.21200 0.28800 0.21200 GC = 0.424
B_Marchantia_Plant             0.13800 0.36200 0.13800 0.36200 GC = 0.724
B_Nicotiana_Planttabacco       0.14000 0.36000 0.14000 0.36000 GC = 0.720
B_Nostoc_Cyanob                0.28200 0.21800 0.28200 0.21800 GC = 0.436
B_Ostreococcus_alga            0.16400 0.33600 0.16400 0.33600 GC = 0.672
B_Physcomitrella_PlantMoss     0.13200 0.36800 0.13200 0.36800 GC = 0.736
B_Prochlorothrix_Cyano         0.28200 0.21800 0.28200 0.21800 GC = 0.436
B_Selaginella_PlantFern        0.18000 0.32000 0.18000 0.32000 GC = 0.640
B_Spinacia_Plant               0.14000 0.36000 0.14000 0.36000 GC = 0.720
B_Synechococcus_Cyanob         0.28200 0.21800 0.28200 0.21800 GC = 0.436
B_Synechocystis_Cyanob         0.27400 0.22600 0.27400 0.22600 GC = 0.452
B_Thermosynechococcus_Cyanob   0.26400 0.23600 0.26400 0.23600 GC = 0.472
B_Trichodesmium_Cyanob         0.27800 0.22200 0.27800 0.22200 GC = 0.444
CD_Acidiphilium_AlphaP         0.21600 0.28400 0.21600 0.28400 GC = 0.568
CD_Burkholderia_BetaP          0.21600 0.28400 0.21600 0.28400 GC = 0.568
CD_Cylindrotheca_alga          0.22200 0.27800 0.22200 0.27800 GC = 0.556
CD_Ectocarpus_algabrown        0.22200 0.27800 0.22200 0.27800 GC = 0.556
CD_Emiliania_Diatom_PhytoplanktonEu 0.22200 0.27800 0.22200 0.27800 GC = 0.556
CD_Nitrobacter_AlphaP          0.21800 0.28200 0.21800 0.28200 GC = 0.564
CD_Nitrosococcus_GammaP        0.21000 0.29000 0.21000 0.29000 GC = 0.580
CD_Nitrosospira_BetaP          0.21200 0.28800 0.21200 0.28800 GC = 0.576
CD_Odontella_alga              0.22200 0.27800 0.22200 0.27800 GC = 0.556
CD_Olisthodiscus_alga          0.22200 0.27800 0.22200 0.27800 GC = 0.556
CD_Paracoccus_AlphaP           0.24200 0.25800 0.24200 0.25800 GC = 0.516
CD_Pleurochrysis_alga          0.22200 0.27800 0.22200 0.27800 GC = 0.556
CD_Porphyridium_alga           0.22400 0.27600 0.22400 0.27600 GC = 0.552
CD_Rhodobacter_AlphaP          0.24200 0.25800 0.24200 0.25800 GC = 0.516
CD_Rubrivivax_BetaP            0.21200 0.28800 0.21200 0.28800 GC = 0.576
CD_Sinorhizobium_AlphaP        0.24200 0.25800 0.24200 0.25800 GC = 0.516

Homogeneity statistic: X2 = 1.91761 G = 2.00634 

Average                        0.23153 0.26847 0.23153 0.26847
(Ambiguity characters are used to calculate freqs.)


# constant sites:     98 (39.20%)
Distances:  F81 (alpha set at 1.50)
This matrix is not used in later m.l. analysis.

(Pairwise deletion.)
A1_Allochromatium_GammaP  
A1_Thiomicrospira_GammaP_HydrothermalSulfurOx    9.0000
A2_Allochromatium_GammaP    9.0000  9.0000
A2_Thiomicrospira_GammaP_HydrothermalSulfurOx    9.0000  9.0000  9.0000
A_Acidithiobacillus_GammaP    9.0000  9.0000  9.0000  9.0000
A_Alkalilimnicola_GammaP    9.0000  9.0000  9.0000  9.0000  9.0000
A_Cupriavidus_BetaP    9.0000  9.0000  9.0000  9.0000  9.0000  9.0000
A_Halorhodospira_GammaP    9.0000  9.0000  9.0000  9.0000  9.0000  9.0000  9.0000
A_Hydrogenophilus_BetaP_Thermophillic    9.0000  9.0000  9.0000  9.0000  9.0000  9.0000  9.0000  9.0000
A_Methylococcus_GammaP_Methanotrophic    9.0000  9.0000  9.0000  9.0000  9.0000  9.0000  9.0000  9.0000  9.0000
A_Nitrobacter_AlphaP    9.0000  9.0000  9.0000  9.0000  9.0000  9.0000  9.0000  9.0000  9.0000  9.0000
A_Nitrosomonas_BetaP    9.0000  9.0000  9.0000  9.0000  9.0000  9.0000  9.0000  9.0000  9.0000  9.0000  9.0000
A_Prochlorococcus_Cyanob    9.0000  9.0000  9.0000  9.0000  9.0000  9.0000  9.0000  9.0000  9.0000  9.0000  9.0000  9.0000
A_Synechococcus_Cyanob    9.0000  9.0000  9.0000  9.0000  9.0000  9.0000  9.0000  9.0000  9.0000  9.0000  9.0000  9.0000  9.0000
ACDII_Rhodopse_AlphaP_purple_Nonsulfur    9.0000  9.0000  9.0000  9.0000  9.0000  9.0000  9.0000  9.0000  9.0000  9.0000  9.0000  9.0000  9.0000  9.0000
AII_Hydrogenovibr_GammaP_HydrogenOxidizing    9.0000  9.0000  9.0000  9.0000  9.0000  9.0000  9.0000  9.0000  9.0000  9.0000  9.0000  9.0000  9.0000  9.0000  9.0000
AII_Rhodobacter_AlphaP    9.0000  9.0000  9.0000  9.0000  9.0000  9.0000  9.0000  9.0000  9.0000  9.0000  9.0000  9.0000  9.0000  9.0000  9.0000  9.0000
AII_Thiobacillus_BetaP    9.0000  9.0000  9.0000  9.0000  9.0000  9.0000  9.0000  9.0000  9.0000  9.0000  9.0000  9.0000  9.0000  9.0000  9.0000  9.0000  9.0000
B_Anabaena_Cyanob    9.0000  9.0000  9.0000  9.0000  9.0000  9.0000  9.0000  9.0000  9.0000  9.0000  9.0000  9.0000  9.0000  9.0000  9.0000  9.0000  9.0000  9.0000
B_Chlamydomonas_Alga    9.0000  9.0000  9.0000  9.0000  9.0000  9.0000  9.0000  9.0000  9.0000  9.0000  9.0000  9.0000  9.0000  9.0000  9.0000  9.0000  9.0000  9.0000  9.0000
B_Chlorellaalga    9.0000  9.0000  9.0000  9.0000  9.0000  9.0000  9.0000  9.0000  9.0000  9.0000  9.0000  9.0000  9.0000  9.0000  9.0000  9.0000  9.0000  9.0000  9.0000  9.0000
B_Euglena_Protist    9.0000  9.0000  9.0000  9.0000  9.0000  9.0000  9.0000  9.0000  9.0000  9.0000  9.0000  9.0000  9.0000  9.0000  9.0000  9.0000  9.0000  9.0000  9.0000  9.0000  9.0000
B_Gloeobacter_Cyanob    9.0000  9.0000  9.0000  9.0000  9.0000  9.0000  9.0000  9.0000  9.0000  9.0000  9.0000  9.0000  9.0000  9.0000  9.0000  9.0000  9.0000  9.0000  9.0000  9.0000  9.0000  9.0000
B_Marchantia_Plant    9.0000  9.0000  9.0000  9.0000  9.0000  9.0000  9.0000  9.0000  9.0000  9.0000  9.0000  9.0000  9.0000  9.0000  9.0000  9.0000  9.0000  9.0000  9.0000  9.0000  9.0000  9.0000  9.0000
B_Nicotiana_Planttabacco    9.0000  9.0000  9.0000  9.0000  9.0000  9.0000  9.0000  9.0000  9.0000  9.0000  9.0000  9.0000  9.0000  9.0000  9.0000  9.0000  9.0000  9.0000  9.0000  9.0000  9.0000  9.0000  9.0000  9.0000
B_Nostoc_Cyanob    9.0000  9.0000  9.0000  9.0000  9.0000  9.0000  9.0000  9.0000  9.0000  9.0000  9.0000  9.0000  9.0000  9.0000  9.0000  9.0000  9.0000  9.0000  9.0000  9.0000  9.0000  9.0000  9.0000  9.0000  9.0000
B_Ostreococcus_alga    9.0000  9.0000  9.0000  9.0000  9.0000  9.0000  9.0000  9.0000  9.0000  9.0000  9.0000  9.0000  9.0000  9.0000  9.0000  9.0000  9.0000  9.0000  9.0000  9.0000  9.0000  9.0000  9.0000  9.0000  9.0000  9.0000
B_Physcomitrella_PlantMoss    9.0000  9.0000  9.0000  9.0000  9.0000  9.0000  9.0000  9.0000  9.0000  9.0000  9.0000  9.0000  9.0000  9.0000  9.0000  9.0000  9.0000  9.0000  9.0000  9.0000  9.0000  9.0000  9.0000  9.0000  9.0000  9.0000  9.0000
B_Prochlorothrix_Cyano    9.0000  9.0000  9.0000  9.0000  9.0000  9.0000  9.0000  9.0000  9.0000  9.0000  9.0000  9.0000  9.0000  9.0000  9.0000  9.0000  9.0000  9.0000  9.0000  9.0000  9.0000  9.0000  9.0000  9.0000  9.0000  9.0000  9.0000  9.0000
B_Selaginella_PlantFern    9.0000  9.0000  9.0000  9.0000  9.0000  9.0000  9.0000  9.0000  9.0000  9.0000  9.0000  9.0000  9.0000  9.0000  9.0000  9.0000  9.0000  9.0000  9.0000  9.0000  9.0000  9.0000  9.0000  9.0000  9.0000  9.0000  9.0000  9.0000  9.0000
B_Spinacia_Plant    9.0000  9.0000  9.0000  9.0000  9.0000  9.0000  9.0000  9.0000  9.0000  9.0000  9.0000  9.0000  9.0000  9.0000  9.0000  9.0000  9.0000  9.0000  9.0000  9.0000  9.0000  9.0000  9.0000  9.0000  9.0000  9.0000  9.0000  9.0000  9.0000  9.0000
B_Synechococcus_Cyanob    9.0000  9.0000  9.0000  9.0000  9.0000  9.0000  9.0000  9.0000  9.0000  9.0000  9.0000  9.0000  9.0000  9.0000  9.0000  9.0000  9.0000  9.0000  9.0000  9.0000  9.0000  9.0000  9.0000  9.0000  9.0000  9.0000  9.0000  9.0000  9.0000  9.0000  9.0000
B_Synechocystis_Cyanob    9.0000  9.0000  9.0000  9.0000  9.0000  9.0000  9.0000  9.0000  9.0000  9.0000  9.0000  9.0000  9.0000  9.0000  9.0000  9.0000  9.0000  9.0000  9.0000  9.0000  9.0000  9.0000  9.0000  9.0000  9.0000  9.0000  9.0000  9.0000  9.0000  9.0000  9.0000  9.0000
B_Thermosynechococcus_Cyanob    9.0000  9.0000  9.0000  9.0000  9.0000  9.0000  9.0000  9.0000  9.0000  9.0000  9.0000  9.0000  9.0000  9.0000  9.0000  9.0000  9.0000  9.0000  9.0000  9.0000  9.0000  9.0000  9.0000  9.0000  9.0000  9.0000  9.0000  9.0000  9.0000  9.0000  9.0000  9.0000  9.0000
B_Trichodesmium_Cyanob    9.0000  9.0000  9.0000  9.0000  9.0000  9.0000  9.0000  9.0000  9.0000  9.0000  9.0000  9.0000  9.0000  9.0000  9.0000  9.0000  9.0000  9.0000  9.0000  9.0000  9.0000  9.0000  9.0000  9.0000  9.0000  9.0000  9.0000  9.0000  9.0000  9.0000  9.0000  9.0000  9.0000  9.0000
CD_Acidiphilium_AlphaP    9.0000  9.0000  9.0000  9.0000  9.0000  9.0000  9.0000  9.0000  9.0000  9.0000  9.0000  9.0000  9.0000  9.0000  9.0000  9.0000  9.0000  9.0000  9.0000  9.0000  9.0000  9.0000  9.0000  9.0000  9.0000  9.0000  9.0000  9.0000  9.0000  9.0000  9.0000  9.0000  9.0000  9.0000  9.0000
CD_Burkholderia_BetaP    9.0000  9.0000  9.0000  9.0000  9.0000  9.0000  9.0000  9.0000  9.0000  9.0000  9.0000  9.0000  9.0000  9.0000  9.0000  9.0000  9.0000  9.0000  9.0000  9.0000  9.0000  9.0000  9.0000  9.0000  9.0000  9.0000  9.0000  9.0000  9.0000  9.0000  9.0000  9.0000  9.0000  9.0000  9.0000  9.0000
CD_Cylindrotheca_alga    9.0000  9.0000  9.0000  9.0000  9.0000  9.0000  9.0000  9.0000  9.0000  9.0000  9.0000  9.0000  9.0000  9.0000  9.0000  9.0000  9.0000  9.0000  9.0000  9.0000  9.0000  9.0000  9.0000  9.0000  9.0000  9.0000  9.0000  9.0000  9.0000  9.0000  9.0000  9.0000  9.0000  9.0000  9.0000  9.0000  9.0000
CD_Ectocarpus_algabrown    9.0000  9.0000  9.0000  9.0000  9.0000  9.0000  9.0000  9.0000  9.0000  9.0000  9.0000  9.0000  9.0000  9.0000  9.0000  9.0000  9.0000  9.0000  9.0000  9.0000  9.0000  9.0000  9.0000  9.0000  9.0000  9.0000  9.0000  9.0000  9.0000  9.0000  9.0000  9.0000  9.0000  9.0000  9.0000  9.0000  9.0000  9.0000
CD_Emiliania_Diatom_PhytoplanktonEu    9.0000  9.0000  9.0000  9.0000  9.0000  9.0000  9.0000  9.0000  9.0000  9.0000  9.0000  9.0000  9.0000  9.0000  9.0000  9.0000  9.0000  9.0000  9.0000  9.0000  9.0000  9.0000  9.0000  9.0000  9.0000  9.0000  9.0000  9.0000  9.0000  9.0000  9.0000  9.0000  9.0000  9.0000  9.0000  9.0000  9.0000  9.0000  9.0000
CD_Nitrobacter_AlphaP    9.0000  9.0000  9.0000  9.0000  9.0000  9.0000  9.0000  9.0000  9.0000  9.0000  9.0000  9.0000  9.0000  9.0000  9.0000  9.0000  9.0000  9.0000  9.0000  9.0000  9.0000  9.0000  9.0000  9.0000  9.0000  9.0000  9.0000  9.0000  9.0000  9.0000  9.0000  9.0000  9.0000  9.0000  9.0000  9.0000  9.0000  9.0000  9.0000  9.0000
CD_Nitrosococcus_GammaP    9.0000  9.0000  9.0000  9.0000  9.0000  9.0000  9.0000  9.0000  9.0000  9.0000  9.0000  9.0000  9.0000  9.0000  9.0000  9.0000  9.0000  9.0000  9.0000  9.0000  9.0000  9.0000  9.0000  9.0000  9.0000  9.0000  9.0000  9.0000  9.0000  9.0000  9.0000  9.0000  9.0000  9.0000  9.0000  9.0000  9.0000  9.0000  9.0000  9.0000  9.0000
CD_Nitrosospira_BetaP    9.0000  9.0000  9.0000  9.0000  9.0000  9.0000  9.0000  9.0000  9.0000  9.0000  9.0000  9.0000  9.0000  9.0000  9.0000  9.0000  9.0000  9.0000  9.0000  9.0000  9.0000  9.0000  9.0000  9.0000  9.0000  9.0000  9.0000  9.0000  9.0000  9.0000  9.0000  9.0000  9.0000  9.0000  9.0000  9.0000  9.0000  9.0000  9.0000  9.0000  9.0000  9.0000
CD_Odontella_alga    9.0000  9.0000  9.0000  9.0000  9.0000  9.0000  9.0000  9.0000  9.0000  9.0000  9.0000  9.0000  9.0000  9.0000  9.0000  9.0000  9.0000  9.0000  9.0000  9.0000  9.0000  9.0000  9.0000  9.0000  9.0000  9.0000  9.0000  9.0000  9.0000  9.0000  9.0000  9.0000  9.0000  9.0000  9.0000  9.0000  9.0000  9.0000  9.0000  9.0000  9.0000  9.0000  9.0000
CD_Olisthodiscus_alga    9.0000  9.0000  9.0000  9.0000  9.0000  9.0000  9.0000  9.0000  9.0000  9.0000  9.0000  9.0000  9.0000  9.0000  9.0000  9.0000  9.0000  9.0000  9.0000  9.0000  9.0000  9.0000  9.0000  9.0000  9.0000  9.0000  9.0000  9.0000  9.0000  9.0000  9.0000  9.0000  9.0000  9.0000  9.0000  9.0000  9.0000  9.0000  9.0000  9.0000  9.0000  9.0000  9.0000  9.0000
CD_Paracoccus_AlphaP    9.0000  9.0000  9.0000  9.0000  9.0000  9.0000  9.0000  9.0000  9.0000  9.0000  9.0000  9.0000  9.0000  9.0000  9.0000  9.0000  9.0000  9.0000  9.0000  9.0000  9.0000  9.0000  9.0000  9.0000  9.0000  9.0000  9.0000  9.0000  9.0000  9.0000  9.0000  9.0000  9.0000  9.0000  9.0000  9.0000  9.0000  9.0000  9.0000  9.0000  9.0000  9.0000  9.0000  9.0000  9.0000
CD_Pleurochrysis_alga    9.0000  9.0000  9.0000  9.0000  9.0000  9.0000  9.0000  9.0000  9.0000  9.0000  9.0000  9.0000  9.0000  9.0000  9.0000  9.0000  9.0000  9.0000  9.0000  9.0000  9.0000  9.0000  9.0000  9.0000  9.0000  9.0000  9.0000  9.0000  9.0000  9.0000  9.0000  9.0000  9.0000  9.0000  9.0000  9.0000  9.0000  9.0000  9.0000  9.0000  9.0000  9.0000  9.0000  9.0000  9.0000  9.0000
CD_Porphyridium_alga    9.0000  9.0000  9.0000  9.0000  9.0000  9.0000  9.0000  9.0000  9.0000  9.0000  9.0000  9.0000  9.0000  9.0000  9.0000  9.0000  9.0000  9.0000  9.0000  9.0000  9.0000  9.0000  9.0000  9.0000  9.0000  9.0000  9.0000  9.0000  9.0000  9.0000  9.0000  9.0000  9.0000  9.0000  9.0000  9.0000  9.0000  9.0000  9.0000  9.0000  9.0000  9.0000  9.0000  9.0000  9.0000  9.0000  9.0000
CD_Rhodobacter_AlphaP    9.0000  9.0000  9.0000  9.0000  9.0000  9.0000  9.0000  9.0000  9.0000  9.0000  9.0000  9.0000  9.0000  9.0000  9.0000  9.0000  9.0000  9.0000  9.0000  9.0000  9.0000  9.0000  9.0000  9.0000  9.0000  9.0000  9.0000  9.0000  9.0000  9.0000  9.0000  9.0000  9.0000  9.0000  9.0000  9.0000  9.0000  9.0000  9.0000  9.0000  9.0000  9.0000  9.0000  9.0000  9.0000  9.0000  9.0000  9.0000
CD_Rubrivivax_BetaP    9.0000  9.0000  9.0000  9.0000  9.0000  9.0000  9.0000  9.0000  9.0000  9.0000  9.0000  9.0000  9.0000  9.0000  9.0000  9.0000  9.0000  9.0000  9.0000  9.0000  9.0000  9.0000  9.0000  9.0000  9.0000  9.0000  9.0000  9.0000  9.0000  9.0000  9.0000  9.0000  9.0000  9.0000  9.0000  9.0000  9.0000  9.0000  9.0000  9.0000  9.0000  9.0000  9.0000  9.0000  9.0000  9.0000  9.0000  9.0000  9.0000
CD_Sinorhizobium_AlphaP    9.0000  9.0000  9.0000  9.0000  9.0000  9.0000  9.0000  9.0000  9.0000  9.0000  9.0000  9.0000  9.0000  9.0000  9.0000  9.0000  9.0000  9.0000  9.0000  9.0000  9.0000  9.0000  9.0000  9.0000  9.0000  9.0000  9.0000  9.0000  9.0000  9.0000  9.0000  9.0000  9.0000  9.0000  9.0000  9.0000  9.0000  9.0000  9.0000  9.0000  9.0000  9.0000  9.0000  9.0000  9.0000  9.0000  9.0000  9.0000  9.0000  9.0000

TREE #  1:  (1, (((((((2, 16), 6), (((((5, ((7, 18), 12)), 10), 8), 9), 17)), (13, 14)), 3), 4), ((((((((19, 26), 23), (33, 35)), 29), (32, 34)), ((24, ((25, 31), 30)), 28)), ((20, 21), 22)), 27)), ((((((11, 41), (15, 36)), (46, (49, 51))), 37), ((((38, 44), (39, 45)), 48), (40, 47))), ((42, 43), 50)));  MP score: -1.00
lnL(ntime: 99  np:100):  -1578.259930    +0.000000
  52..1    52..53   53..54   54..55   55..56   56..57   57..58   58..59   59..2    59..16   58..6    57..60   60..61   61..62   62..63   63..64   64..5    64..65   65..66   66..7    66..18   65..12   63..10   62..8    61..9    60..17   56..67   67..13   67..14   55..3    54..4    53..68   68..69   69..70   70..71   71..72   72..73   73..74   74..75   75..19   75..26   74..23   73..76   76..33   76..35   72..29   71..77   77..32   77..34   70..78   78..79   79..24   79..80   80..81   81..25   81..31   80..30   78..28   69..82   82..83   83..20   83..21   82..22   68..27   52..84   84..85   85..86   86..87   87..88   88..89   89..11   89..41   88..90   90..15   90..36   87..91   91..46   91..92   92..49   92..51   86..37   85..93   93..94   94..95   95..96   96..38   96..44   95..97   97..39   97..45   94..48   93..98   98..40   98..47   84..99   99..100 100..42  100..43   99..50 
 0.256998 0.000000 0.000000 0.006825 0.000000 0.066997 0.000000 0.005571 0.005563 0.000000 0.000000 0.000000 0.000000 0.000000 0.000000 0.000000 0.000000 0.000000 0.000000 0.000000 0.000000 0.000000 0.000000 0.005581 0.047787 0.000000 0.000000 0.000000 0.000000 0.000000 0.010062 1.075594 0.000000 0.073523 1.154603 0.000000 0.000000 0.000000 0.000000 0.000000 0.000000 0.016806 0.011144 0.011181 0.000000 0.000000 0.000000 0.011119 0.053729 0.291451 0.000000 0.038141 0.063187 0.000000 0.012064 0.000000 0.203681 0.077401 0.000000 0.000000 0.000000 1.126436 0.771140 0.388453 0.560153 0.000000 0.011385 0.000000 0.000000 0.005651 0.000000 0.000000 0.000000 0.000000 0.011411 0.067882 0.000000 0.000000 0.000000 0.000000 0.011411 0.000000 0.000000 0.005637 0.000000 0.000000 0.000000 0.000000 0.000000 0.000000 0.000000 0.005637 0.000000 0.000000 0.035572 0.000000 0.005684 0.000000 0.000000 0.419876

tree length =   6.50546

(A1_Allochromatium_GammaP, (((((((A1_Thiomicrospira_GammaP_HydrothermalSulfurOx, AII_Hydrogenovibr_GammaP_HydrogenOxidizing), A_Alkalilimnicola_GammaP), (((((A_Acidithiobacillus_GammaP, ((A_Cupriavidus_BetaP, AII_Thiobacillus_BetaP), A_Nitrosomonas_BetaP)), A_Methylococcus_GammaP_Methanotrophic), A_Halorhodospira_GammaP), A_Hydrogenophilus_BetaP_Thermophillic), AII_Rhodobacter_AlphaP)), (A_Prochlorococcus_Cyanob, A_Synechococcus_Cyanob)), A2_Allochromatium_GammaP), A2_Thiomicrospira_GammaP_HydrothermalSulfurOx), ((((((((B_Anabaena_Cyanob, B_Nostoc_Cyanob), B_Gloeobacter_Cyanob), (B_Synechocystis_Cyanob, B_Trichodesmium_Cyanob)), B_Prochlorothrix_Cyano), (B_Synechococcus_Cyanob, B_Thermosynechococcus_Cyanob)), ((B_Marchantia_Plant, ((B_Nicotiana_Planttabacco, B_Spinacia_Plant), B_Selaginella_PlantFern)), B_Physcomitrella_PlantMoss)), ((B_Chlamydomonas_Alga, B_Chlorellaalga), B_Euglena_Protist)), B_Ostreococcus_alga)), ((((((A_Nitrobacter_AlphaP, CD_Nitrobacter_AlphaP), (ACDII_Rhodopse_AlphaP_purple_Nonsulfur, CD_Acidiphilium_AlphaP)), (CD_Paracoccus_AlphaP, (CD_Rhodobacter_AlphaP, CD_Sinorhizobium_AlphaP))), CD_Burkholderia_BetaP), ((((CD_Cylindrotheca_alga, CD_Odontella_alga), (CD_Ectocarpus_algabrown, CD_Olisthodiscus_alga)), CD_Porphyridium_alga), (CD_Emiliania_Diatom_PhytoplanktonEu, CD_Pleurochrysis_alga))), ((CD_Nitrosococcus_GammaP, CD_Nitrosospira_BetaP), CD_Rubrivivax_BetaP)));

(A1_Allochromatium_GammaP: 0.256998, (((((((A1_Thiomicrospira_GammaP_HydrothermalSulfurOx: 0.005563, AII_Hydrogenovibr_GammaP_HydrogenOxidizing: 0.000000): 0.005571, A_Alkalilimnicola_GammaP: 0.000000): 0.000000, (((((A_Acidithiobacillus_GammaP: 0.000000, ((A_Cupriavidus_BetaP: 0.000000, AII_Thiobacillus_BetaP: 0.000000): 0.000000, A_Nitrosomonas_BetaP: 0.000000): 0.000000): 0.000000, A_Methylococcus_GammaP_Methanotrophic: 0.000000): 0.000000, A_Halorhodospira_GammaP: 0.005581): 0.000000, A_Hydrogenophilus_BetaP_Thermophillic: 0.047787): 0.000000, AII_Rhodobacter_AlphaP: 0.000000): 0.000000): 0.066997, (A_Prochlorococcus_Cyanob: 0.000000, A_Synechococcus_Cyanob: 0.000000): 0.000000): 0.000000, A2_Allochromatium_GammaP: 0.000000): 0.006825, A2_Thiomicrospira_GammaP_HydrothermalSulfurOx: 0.010062): 0.000000, ((((((((B_Anabaena_Cyanob: 0.000000, B_Nostoc_Cyanob: 0.000000): 0.000000, B_Gloeobacter_Cyanob: 0.016806): 0.000000, (B_Synechocystis_Cyanob: 0.011181, B_Trichodesmium_Cyanob: 0.000000): 0.011144): 0.000000, B_Prochlorothrix_Cyano: 0.000000): 0.000000, (B_Synechococcus_Cyanob: 0.011119, B_Thermosynechococcus_Cyanob: 0.053729): 0.000000): 1.154603, ((B_Marchantia_Plant: 0.038141, ((B_Nicotiana_Planttabacco: 0.012064, B_Spinacia_Plant: 0.000000): 0.000000, B_Selaginella_PlantFern: 0.203681): 0.063187): 0.000000, B_Physcomitrella_PlantMoss: 0.077401): 0.291451): 0.073523, ((B_Chlamydomonas_Alga: 0.000000, B_Chlorellaalga: 1.126436): 0.000000, B_Euglena_Protist: 0.771140): 0.000000): 0.000000, B_Ostreococcus_alga: 0.388453): 1.075594): 0.000000, ((((((A_Nitrobacter_AlphaP: 0.000000, CD_Nitrobacter_AlphaP: 0.000000): 0.005651, (ACDII_Rhodopse_AlphaP_purple_Nonsulfur: 0.000000, CD_Acidiphilium_AlphaP: 0.011411): 0.000000): 0.000000, (CD_Paracoccus_AlphaP: 0.000000, (CD_Rhodobacter_AlphaP: 0.000000, CD_Sinorhizobium_AlphaP: 0.000000): 0.000000): 0.067882): 0.000000, CD_Burkholderia_BetaP: 0.011411): 0.011385, ((((CD_Cylindrotheca_alga: 0.000000, CD_Odontella_alga: 0.000000): 0.000000, (CD_Ectocarpus_algabrown: 0.000000, CD_Olisthodiscus_alga: 0.000000): 0.000000): 0.005637, CD_Porphyridium_alga: 0.000000): 0.000000, (CD_Emiliania_Diatom_PhytoplanktonEu: 0.000000, CD_Pleurochrysis_alga: 0.000000): 0.005637): 0.000000): 0.000000, ((CD_Nitrosococcus_GammaP: 0.005684, CD_Nitrosospira_BetaP: 0.000000): 0.000000, CD_Rubrivivax_BetaP: 0.000000): 0.035572): 0.560153);

Detailed output identifying parameters

alpha (gamma, K=4) =  0.41988
rate:   0.01968  0.19644  0.75192  3.03195
freq:   0.25000  0.25000  0.25000  0.25000

