     51    250

A1_Allochromatium_GammaP        -M-------- ---------- ---------- ---------- -----P---- -----TAAIT Q---TTASAA IHAAPFQAAR FHDAHLQP-- AESRMLGQLE HCLH-RGCII AIEHAERVQA ---------- ---------- ---------A YTAWEPWEPP SCYSGDMAAV HGAIARCRQA H-CDHHIRLS VEDVSYHSR- --LALMVHRP H--------- ---------- ---------- ---------- 
A1_Thiomicrospira_GammaP_HydrothermalSulfurOx  ---------- ---------- ---------- ---MSIQDYP SRLSDP---- ---------- ---------- ------QSRK AETFSYLPKM TAEQIKAQVQ YIID-RGWNP AIEHSEPENA ---------- ---------- ---------F SYYWYMWKLP MFGETDADAV LAEVDACIKA N-PNNHVRLI GYDNYAQSQ- -GANMLVKRG DM-------- ---------- ---------- ---------- 
A2_Allochromatium_GammaP        -M-------- ---------- ---------- NTASSMGDHA ---------- ---------- ---------- ------TIGR YETFSYLPPL NREEILEQIL YILD-NGWNA SLEHEHPDRA ---------- ---------- ---------F EYYWPMWKMP FFGEQDPNVI LTEIESCRRS Y-PDHHVRLV GYDTYAQSK- -GHSFLAHRP R--------- ---------- ---------- ---------- 
A2_Thiomicrospira_GammaP_HydrothermalSulfurOx  -M-------- ---------- ---------- -SISQIDDYR ---------- ---------- ---------- ------TQYT LETFSFLPEL TADEIYDQIV YIIN-QGWSP ALEHEEPAKA ---------- ---------- ---------S DHYWGMWKLP MFGTRDPNEV LAEIDACRQA Y-PNHLIRLV GYDNYTQCQ- -GHNFVVYRP RGM------- ---------- ---------- ---------- 
A_Acidithiobacillus_GammaP      ---------- ---------- ---------- --MSEVQDYK SRLSDP---- ---------- ---------- ------ASRK FETLSYLPAL TAEQIRQQVA YIVS-KGWNP AVEHTEPENA ---------- ---------- ---------F GNYWYMWKLP MFGETDVDTI LKEAEACHKA N-PHNHVRIV GYDNFKQSQ- -GTSLVVYRG KTV------- ---------- ---------- ---------- 
A_Alkalilimnicola_GammaP        ---------- ---------- ---------- --MSQVQDYP SSLSDP---- ---------- ---------- ------TSRK LGTFSYLPPM TDDELRRQVE YIIE-KGWNP AIEHSEPENA ---------- ---------- ---------H MYFWYMWKLP MFGETDVDRV LAEAEACHKA H-PNNHVRLI GYDNYAQSQ- -GAAMTVYRA TPR------- ---------- ---------- ---------- 
A_Cupriavidus_BetaP             ---------- ---------- ---------- --MSDVMDYN SRLSDP---- ---------- ---------- ------ASRK FETFSYLPAM DAASIKRQVE YLVK-KGWNP AIEHIEPEYL ---------- ---------- ---------M DSYWYMWKLP MFGETDVDRV LAEAKACHKA N-PNNHVRLV GYDNFKQSQ- -GAAMVVYRG KTV------- ---------- ---------- ---------- 
A_Halorhodospira_GammaP         ---------- ---------- ---------- --MSEIQDYN SKLSDP---- ---------- ---------- ------NSRR FETFSYLPEM SDADVRKQVQ YIVD-QGWNP AIEHTEPENA ---------- ---------- ---------F DHYWYMWKLP MFGETDVDAI LKEAEACHKA H-PEHHVRLI GYDNYRQTQ- -GTAMVIYRG PIDA------ ---------- ---------- ---------- 
A_Hydrogenophilus_BetaP_Thermophillic  -MSE------ ---------- --------TQ DMIRDVQDYP SRLNDP---- ---------- ---------- ------KSKR FETFSYLPQM SAEEIRKQIE YIVS-KGWNP AIEHCEPENA ---------- ---------- ---------I LHYWYMWKLP MFGETDVDKI IAEIEACKRS N-PNHLIKLI GYDNIRQTQ- -GTAMLVYRP AQ-------- ---------- ---------- ---------- 
A_Methylococcus_GammaP_Methanotrophic  ---------- ---------- ---------- --MSDMQDYK SSLSDS---- ---------- ---------- ------GSRK FETFSYLPPM NPEKIRRQVE YIVS-RGWNP AIEHTEPENA ---------- ---------- ---------F DHYWYMWKLP MFGETDVDAI LAEAEACHKA H-PNNHVRLV GYDNFRQTQ- -GAAMVIYRG PSV------- ---------- ---------- ---------- 
A_Nitrobacter_AlphaP            ---------- ---------- ---------- ---------- ---------- ---------- ---------- ------MRIT QGCFSFLPDL TDEQISKQIQ YCLT-QGWAV NIEFTDDPHP ---------- ---------- ---------R NTYWDMWNLP MFDLKDAAGV LMELNECRKV Y-GDRYIRMS AFDSSHGWES VKISFIVNRP KDEPGFRLER QESDNRNIRY TTTSYAVTAR PEGQRYSS-- 
A_Nitrosomonas_BetaP            ---------- ---------- ---------- --MSEVIDYK SRLSDP---- ---------- ---------- ------GSRK FETFSYLPSL DQDQIRKQVE YIVK-KGWNP AVEHTEPEFL ---------- ---------- ---------M SNYWYMWKLP MFGETDVDRI LAEAEACHKA N-PNNHVRLI GYNNFNQSQ- -GTAMVIYRG KTV------- ---------- ---------- ---------- 
A_Prochlorococcus_Cyanob        -M-------- ---------- ---------- PFQSTVGDYQ ---------- ---------- ---------- ------TVAT LETFGFLPPM TQEEIYDQIA YIIA-QGWSP VIEHVHPSGS ---------- ---------- ---------M QTYWSYWKLP FFGEKDLNLV VSELEACHRA Y-PDHHVRII GYDAYTQSQ- -GTAFVVFQG R--------- ---------- ---------- ---------- 
A_Synechococcus_Cyanob          -M-------- ---------- ---------- PFQSTVGDYQ ---------- ---------- ---------- ------TVAT LETFGFLPPM TQDEIYDQIA YIIA-QGWSP LVEHVHPSNC ---------- ---------- ---------M ATYWSYWKLP FFGEKDLNVV VSELEACHRA Y-PDHHVRIV GYDAYTQSQ- -GACFVVFEG R--------- ---------- ---------- ---------- 
ACDII_Rhodopse_AlphaP_purple_Nonsulfur  ---------- ---------- ---------- ---------- ---------- ---------- ---------- ------MRLT QGCFSFLPDL TDEQIAAQVQ YALS-KGWAV NLEFTDDPHP ---------- ---------- ---------R NTYWEMWGLP MFDLQDAAGV MMELNECRKI Y-GDRYIRLS AFDSSHGWES VRLSFIVNRP KDEPGFRLDR QEVDGRNMRY TTRAYSAD-K PEGRRYGG-- 
AII_Hydrogenovibr_GammaP_HydrogenOxidizing  ---------- ---------- ---------- --MSQVQDYP SRLSDP---- ---------- ---------- ------TSRK AETFSYLPKM TADQIKAQVE YIIS-KGWNP AIEHSEPENA ---------- ---------- ---------F SYYWYMWKLP MFGETDANVV LAEVDACIKA N-PNNHVRLI GYDNYAQSQ- -GANMLVKRG DM-------- ---------- ---------- ---------- 
AII_Rhodobacter_AlphaP          ---------- ---------- ---------- --MSTVQDYP SRLSRP---- ---------- ---------- ------ESRK MGTFSYLPPM GEAEIRRQVE WIVK-NGWNP GIEHTEPDFA ---------- ---------- ---------A QIYWYMWKLP MFGETDVDAI LAELKACHEA N-PGHHVRLI GYDNFTQSQ- -GANMIVYRG TAV------- ---------- ---------- ---------- 
AII_Thiobacillus_BetaP          ---------- ---------- ---------- --MSEVMDYK SRLSDP---- ---------- ---------- ------ASRK FETFSYLPAM NAADIRKQVE YLVS-KGWNP AIEHTEPEHL ---------- ---------- ---------M DSYWYMWKLP MFGETDIDRI LGEAEACHKA N-PNNHVRLV GYDNFAQSQ- -GAAMVIYRG KTV------- ---------- ---------- ---------- 
B_Anabaena_Cyanob               -M-------- ---------- ---------- ---------- --QTLP---- ---------- ---------- ------KERR YETLSYLPPL TDVQIEKQVQ YILS-QGYIP AVEFNEASEP ---------- ---------- ---------T EFYWTLWKLP LFGAKTSREV LGEVQACRSQ Y-PGHYIRVV GFDNIKQCQ- -VLSFIVHKP SRY------- ---------- ---------- ---------- 
B_Chlamydomonas_Alga            -MAAVIAKSS VSAAVARP-- --------AR SSVRPMAALK -----PAV-- K----AAPVA AP--AQANQM MVWTPVNNKM FETFSYLPPL TDEQIAAQVD YIVA-NGWIP CLEFAEADKA -------YVS NES-AIRFG- --SVSCLYYD NRYWTMWKLP MFGCRDPMQV LREIVACTKA F-PDAYVRLV AFDNQKQVQ- -IMGFLVQRP KTARDFQ--- ---------- ---------- PANKRSV--- 
B_Chlorellaalga                 -MAALTASLV -SCPVAVAAK PAR-----LA SPAWPASLSP RRLSPP---- SPRGPSQTAA AP--ARCSC- --GSPLTTSS SRPSPTCP-- SDRRPDRQAG RLHHPSGWTP ALEFSNAESA -------YVK DVAN-IRFT- GGSASCNYYD NRYWAMYKLP MFGCTDASQV LAEIANAVKT F-PDSYVRMA AFDAVRQVQ- -TVAILVHRP ASATDYRLPE NPQPLIGCTT QLE------R PQYCKSLANL 
B_Euglena_Protist               ---------- ---------- ---------- ---------- ---------- ---------- ---------M KVWNPVNNKF WETFSYLPPL SDAEIAKQVD MIIA-KGWIP CLEFSLREIS ERAYPCCYIA NDN-TYRFS- --GTAAGYYD NRYWTMWKLP MFGCTDASQV LKELSPLEFA A-PENFVRLA AFDSVKQVQ- -VTSFVVQRP SGSSW----- ---------- ---------- ---------- 
B_Gloeobacter_Cyanob            -M-------- ---------- ---------- ---------- --QTLP---- ---------- ---------- ------KKKF YETMSYLPPL TDAEIAKQIQ YMLD-KGYIP CVEFNETSEP ---------- ---------- ---------T MVYWTMWKLP LFSVRSPQEV LSEVNACRSS Y-PGCFIRVI GFDNIRQCQ- -TMSFIVYKP ---------- ---------- ---------- ---------- 
B_Marchantia_Plant              -MASIVASSA VVTPVAALAA -SRTTSTSGA VSVSAFAGLK -----PVS-G QSEWQSKTIT NG--SRVSCM QVWEPYNNLK FETLSYLPAL SQDALAKQID YVIK-SGWAP CIEFDVQGTV ---------- -----TREG- --STMPGYYD GRYWTMWKLP MFGCTDSASV LREIEECKKI YGTKCYIRCL GFDNTRQVQ- -CAMFIVHQP TQ-------- ---------- ---------- ---------- 
B_Nicotiana_Planttabacco        -MASSVLSSA AVATRSNVA- --------QA NMVAPFTGLK SAASFPVSRK QNLDITSIAS NG--GRVQCM QVWPPINKKK YETLSYLPDL SQEQLLSEVE YLLK-NGWVP CLEFETEHGF ---------- ----VYREN- --NKSPGYYD GRYWTMWKLP MFGCTDATQV LAEVEEAKKA Y-PQAWIRII GFDNVRQVQ- -CISFIAYKP EGY------- ---------- ---------- ---------- 
B_Nostoc_Cyanob                 -M-------- ---------- ---------- ---------- --QTLP---- ---------- ---------- ------KERR YETLSYLPPL TDVQIEKQVQ YILS-QGYIP AVEFNEVSEP ---------- ---------- ---------T ELYWTLWKLP LFGAKTSREV LAEVQSCRSQ Y-PGHYIRVV GFDNIKQCQ- -ILSFIVHKP SRY------- ---------- ---------- ---------- 
B_Ostreococcus_alga             -M-------- ---------- ---------- SAVAQVQQVA ---------- K----TVAVS TGKVANAKSM MIWRPHGNKM FETFSFLPPL SDAEIAKQCQ YLLN-NGWTP CIEFEDAEHA -------YAD GHGWSNLDS- --SINSLYYD NRYWVMWKLP MYGCQNTDEV LAEVNMAKKC F-PDCYIRVV GFDNIKQVQ- -CAGFLVYRP ASGAACAVDK RQIQG----- ---------- ---------- 
B_Physcomitrella_PlantMoss      -MASAVASTV -VAPVSVTVA SSSVAASRES SSVKAFSGLK SATLFT---- SKSQQLSSVQ NG--SRVQCM QVWNPIGQPK FETFSYLPPL SDDQIARQVD YMIQ-QNLIP CIEFDTVGAV ---------- -----SRTNF SGSGSSGYYD GRYWTMWKLP MFGCTDSSQV LREIQECKTS Y-PSCWVRVL GFDSKKQVQ- -ICGFLVARP N--------- ---------- ---------- ---------- 
B_Prochlorothrix_Cyano          -M-------- ---------- ---------- ---------- --KTLP---- ---------- ---------- ------KERR YETLSYLPPL SDQQIARQIE YMVR-EGYIP AVEFNEDSDA ---------- ---------- ---------T TCYWTMWKLP LFHATSTQEV LGEVRECRTE Y-PNCYIRVV GFDNIKQCQ- -SVSFIVHKP NRY------- ---------- ---------- ---------- 
B_Selaginella_PlantFern         -M-------- ---------- ---------E TAAAPLNARK PSTSFP---- KIDGGEPPVS SG--SRVNCM QIVCPLSNSR FETLSYLPPL SPDNVAREID YMLS-KNWIP CLEFDHVGAI ---------- -----SREN- --SREPGYYD GRYWTLWKLP MFGCSDPAQV LREIEECKSM Y-PNAYIRVL GFDNIRQVQ- -CISFIVQKP SKKHS----- ---------- ---------- -E-------- 
B_Spinacia_Plant                -MASSVLSSA RVATVSRTPA --------QA SMVAPFTGLK STVGFPAT-K KNDDITSLAS NG--GRVQCM KVWPTQNMKR YETLSYLPPL TTDQLARQVD YLLN-NKWVP CLEFETDHGF ---------- ----VYREH- --HNSPGYYD GRYWTMWKLP MFGCTDPAQV LNELEECKKE Y-PNAFIRII GFDSNRQVQ- -CVSFIAYKP AGY------- ---------- ---------- ---------- 
B_Synechococcus_Cyanob          SM-------- ---------- ---------- ---------- --KTLP---- ---------- ---------- ------KERR FETFSYLPPL SDRQIAAQIE YMIE-QGFHP LIEFNEHSNP ---------- ---------- ---------E EFYWTMWKLP LFACAAPQQV LDEVRECRSE Y-GDCYIRVA GFDNIKECQ- -TSSFIVHRP GR-------- ---------- ---------- ---------- 
B_Synechocystis_Cyanob          -M-------- ---------- ---------- ---------- --KTLP---- ---------- ---------- ------KERR YETLSYLPPL TDQQIAKQVE FLLD-QGFIP GVEFEEDPQP ---------- ---------- ---------E THFWTMWKLP FFGGATANEV LAEVRECRSE N-PNCYIRVI GFDNIKQCQ- -TVSFIVHKP NQNQGRY--- ---------- ---------- ---------- 
B_Thermosynechococcus_Cyanob    -M-------- ---------- ---------- ---------- --KTLP---- ---------- ---------- ------KERR YETFSYLPPL SDAQIARQIQ YAID-QGYHP CVEFNETSNA ---------- ---------- ---------E IRYWTMWKLP LFNCTNAQDV LNEVQQCRSE Y-PNCFIRVV AFDNIKQCQ- -VMSFIVYKP NQANSGY--- ---------- ---------- -SGYRY---- 
B_Trichodesmium_Cyanob          -M-------- ---------- ---------- ---------- --RTLP---- ---------- ---------- ------KERR YETLSYLPPL TDLQIRKQLQ YILD-QGFIA GVEFSESSDA ---------- ---------- ---------E MHYWTLWKLP LFQARTIDEV LVEIDACRSE N-PDCFIRVM GFDNVKQCQ- -VLSFIVHKP NQRRY----- ---------- ---------- ---------- 
CD_Acidiphilium_AlphaP          ---------- ---------- ---------- ---------- ---------- ---------- ---------- ------MRLT QGCFSFLPDL TDEQISRQIQ YCLD-KGWAV NLEYTDDPHP ---------- ---------- ---------R NTYWEMWGLP MFDIRDAKAI MSELADCRRI H-DDCYIRLS AFDATNTWES LRISFIVQRP KDEPGFMLTR SEAAGRTMRY ETRAYVVQ-K PEGARYGNSG 
CD_Burkholderia_BetaP           ---------- ---------- ---------- ---------- ---------- ---------- ---------- ------MRIT QGTFSFLPEL TDEEIRLQID YALS-QGWAC SVEYTDDPHP ---------- ---------- ---------R NTYWEMWGLP MFDLRDAAGV LQEVKACRAA Q-PQHYIKVN AFDSVRGFET MRLSFIVNRP DEEPGFRLTR QDGPGRVQRY GLSGYAGD-R PSGERYGPAR 
CD_Cylindrotheca_alga           ---------- ---------- ---------- ---------- ---------- ---------- ---------- ------MRLT QGCFSFLPDL TDEQIEKQVN YAIS-KGWAM NVEWTDDPHP ---------- ---------- ---------R NNYWELWGLP LFDIKDPASV MFELQEARKA C-AAGYIRMN AFDASYGTES CVMSFIVNRP ANEPGFYLER AEGKGRQINY TIKSYSVQAN PEGGRY---- 
CD_Ectocarpus_algabrown         ---------- ---------- ---------- ---------- ---------- ---------- ---------- ------MRVT QGCFSFLPDL SDDQIKQQVA YAMS-KGWAV SVEWTDDPHP ---------- ---------- ---------R NSYWELWGLP LFDVKDPAAV MYELAECRKV N-PEGYIKIN AFDASIGTES CVMSFIVQRP ITEPGFYLER NEVQGRNIQY TISSYAVQAR PSGDRY---- 
CD_Emiliania_Diatom_PhytoplanktonEu  ---------- ---------- ---------- ---------- ---------- ---------- ---------- ------MKLT QGCFSFLPDL TDEQITKQIQ YALN-KSWAL SIEYTDDPHP ---------- ---------- ---------R NNYWEMWGLP LFDMKDPAAV LFEINMCKKA K-PNFYVKCV AFDNTRGTES AVLSFIVQRP AYEPGFRLSR QEVQGRNLVY TLEAYSVSAK PEGERY---- 
CD_Nitrobacter_AlphaP           ---------- ---------- ---------- ---------- ---------- ---------- ---------- ------MRIT QGCFSFLPDL TDDQISRQIQ YCLS-QNWAV NIEFTDDPHP ---------- ---------- ---------R NTYWEMWNLP MFDLPDAAGV LMELKECRKV Y-GDRYIRIS GFDSSPGWES VKISFIVNRP KNEPGFRLER QESDSRNVRY TTTSYAVAER SEGQRYSS-- 
CD_Nitrosococcus_GammaP         -M-------- ---------- ---------- ---------- ---------- ---------- ---------- -MTNHGNRIT QGQFSFLPDL TDEQILAQIK YALK-NDWAV NVEYTDDPHP ---------- ---------- ---------R NTYWEMFGIP MFDLKDPAGI MMEINDCRKT Y-PNHYVRVT AFNSHRGVES PCMSFIVNRP KNEPGFGLVR QEVDGRHINY TVRSYAAD-R PEGERYQ--- 
CD_Nitrosospira_BetaP           -M-------- ---------- ---------- ---------- ---------- ---------- ---------- -MTNFQNRLT QGQFSFLPPL TDKQISAQIK YALK-NNWAI GIEYTDDPHP ---------- ---------- ---------R NTYWEMFGNP MFDLKDPAGI LQEINDCRKT Y-PNHYIRVT AFDSSRGVES PAMSYIVNRP KNEPGFGLVR QEVDGRQIRY TVHSYATE-K PEAERY---- 
CD_Odontella_alga               ---------- ---------- ---------- ---------- ---------- ---------- ---------- ------MRLT QGCFSFLPDL TDQQIEKQIA YCID-KGWAM NVEWTDDPHP ---------- ---------- ---------R NSYWELWGLP LFDIKDIASV MFELSEARKS C-ANGYIRMN AFDASYGTES CVMSFIVSRP SNEPGFYLER TEGAGRFITY TIKRYSVQAN AEGSRY---- 
CD_Olisthodiscus_alga           ---------- ---------- ---------- ---------- ---------- ---------- ---------- ------MRLT QGAFSYLPDL TDAQIIKQID YCLS-RGWSV GVEWTDDPHP ---------- ---------- ---------R NAYWELWGLP LFDVKDSSAI LYEVNECRRL N-PEGYIKLV AFNAARGTES SASAFIVQRP KSEPGFYLER TEAEGRMIRY TIHSYAVARN PEGSRY---- 
CD_Paracoccus_AlphaP            ---------- ---------- ---------- ---------- ---------- ---------- ---------- ------MRIT QGCFSFLPDL TDEQIRDQVE YILS-RDWAV GIEFTDEPHP ---------- ---------- ---------R NTYWEMWGNP MFDLKDAKGV MMELDECRKA H-GDSYIRIN AFDSTRGWET VMMSFIVNRP KSEPGFRTWR MEADGRHIRY THELVG---- ---------- 
CD_Pleurochrysis_alga           ---------- ---------- ---------- ---------- ---------- ---------- ---------- ------MKLT QGAFSFLPDL TDAQVTKQIQ YALN-KSWAI SIEYTDDPHP ---------- ---------- ---------R NSYWEMWGLP LFDVKDPAAI LFEINMARKA K-PNYYLKIA CFDNTRGIES CVLSFIVQRP SYEPGFKMTR QEVKGRQLVY TLESYSVDAK PEGERY---- 
CD_Porphyridium_alga            ---------- ---------- ---------- ---------- ---------- ---------- ---------- ------MRLT QGTFSFLPDL TDAQIQKQVQ YAVS-KKWAV SVEYTDDPHP ---------- ---------- ---------R NSFWELWGLP LFDVKDASAL MYEIAACRKA K-PNYYIKVN AFDNTRGVES CCLSFIINRP INEPGFHLER QEVQGRNILY TIKSYAVN-K PEGSRY---- 
CD_Rhodobacter_AlphaP           ---------- ---------- ---------- ---------- ---------- ---------- ---------- ------MRIT QGCFSFLPDL TDAQISAQVD YCLG-RGWAV SLEHTDDPHP ---------- ---------- ---------R NTYWEMWGMP MFDLRDPKGV MIELDECRKA W-PGRYIRIN AFDSTRGFET VTMSFIVNRP EVEPSLRMER TEVDGRSIRY THSIVR---- ---------- 
CD_Rubrivivax_BetaP             -M-------- ---------- ---------- ---------- ---------- ---------- ---------- -MTNPTGRLT QGQFSFLPDL TDEEITLQIE YGLK-KGYAW SIEYTDDPHP ---------- ---------- ---------R NTYWEMYGMP MFDLQDAAGV LMELNACRKT F-PNHYIRLM AFDSTRGIES IAMSFLVNRP PTEPGFGVVR QEVNGRSMRY TVHSYATD-K PEAQRY---- 
CD_Sinorhizobium_AlphaP         ---------- ---------- ---------- ---------- ---------- ---------- ---------- ------MRIT QGCFSFLPDL TDEQITAQVQ YCLG-KGWAI GVEYTDDPHP ---------- ---------- ---------R NTYWEMWGNP MFDLKDAKGV MMELEDCRKA H-PQDYIRLN AFDSSRGLET VTMSFIVNRP ENEPSLRMTR TESNGRSQHY MWETQR---- ---------- 



Printing out site pattern counts


        51        247  P

A1_Allochromatium_GammaP        ---------- ---------- ---------- ---------- ---------- ---------- ---------- ---------- ---------- ---------- ---------- ---------- ---------A AAAAAAAAAA AAAAAAAAAA ACCCCCDDDD EEEEEEEFFG GGGHHHHHHH HHHHHHIIII IIILLLLLLL MMMMPPPPPP QQQQQQRRRR RRRRRSSSSS SSTTTTTVVV VVWWYYY
A1_Thiomicrospira_GammaP_HydrothermalSulfurOx  ---------- ---------- ---------- ---------- ---------- ---------- ---------- ---------- ---------- ---------- ---------- ---DDGIKLM MMPQRSSSY- ------AAAA DDEFFNRSST YCFIPWDDNT AEEKQYY-AA AGT-DDEHHK LNNQSY--IN PVVAIKLMVY -AIL-GLMPP -KLNQQAIKP QQRRR-EEIM SY----YEGN VVWWAGS
A2_Allochromatium_GammaP        ---------- ---------- ---------- ---------- ---------- ---------- ---------- ---------- ---------- ---------- ---------- ANT-DGMP-- LSAG---SH- ------ASSV ENEFFSGEIN YCFIPWDDDT REHKLPY-YE TGQ-DREHHH LHYQSY--LN AIVHLLLFIY MPIL-PMM-P -RLRQTSRRP EKNRR-EEVF SY----YDGT AIWWAGE
A2_Thiomicrospira_GammaP_HydrothermalSulfurOx  ---------- ---------- ---------- ---------- ---------- ---------- ---------- ---------- ---------- ---------- ---------M I-S-DGIE-G LSRD---QY- ------AAAE DNEFSNYEQT YCFIPWDDNT AEEKVGY-LD AGR-NREHLY LHYQSY--LS PIIHIYLFIF MPIV-PLM-P -QLKQTARTP EQQRR-DTVM CY----HAGN VVWWTGD
A_Acidithiobacillus_GammaP      ---------- ---------- ---------- ---------- ---------- ---------- ---------- ---------- ---------- ---------- ---------V M--DDGVALT LSKQRSSEY- ------AAAT EDELFSRTST YCFIPWDDHT AEEKAYY-FQ KGT-SKEHHY LNNQSY--VN PAVTVRILVY -VIV-GLMPP -KLNQAAHKP QQKRR-EEVM SF----NEGN VIWWKGG
A_Alkalilimnicola_GammaP        ---------- ---------- ---------- ---------- ---------- ---------- ---------- ---------- ---------- ---------- ---------R M--DDGVPLP MSPQSSSQY- ------AAAR EDEFHARSST FCFIPWDDNT DEEKEYY-LR AGT-ETGHHY LNHQSY--IN PAVAIRLMVY -VLT-ALMPP -KLNQTAHKP EQKRR-DEIM SY----YEGN VVWWAGM
A_Cupriavidus_BetaP             ---------- ---------- ---------- ---------- ---------- ---------- ---------- ---------- ---------- ---------- ---------V M--DDGVALT MSNMRSSDY- ------LAAR KDEFMARISD YCFLPWDDNT AEEKEYY-FR AGT-KKEHHY LNNQSY--IN PAVAVKLMVY -VIV-GLMPP -KLYQAAHKP SQKRR-AEVM SF----SEGN VVWWKGD
A_Halorhodospira_GammaP         ---------- ---------- ---------- ---------- ---------- ---------- ---------- ---------- ---------- ---------- --------AD M--DDGIELI MSNQKSSEY- ------AAAA EDEFFARTSS YCFIPWDDET DEEKQYY-FK KGT-DPEHHY LHHQSY--IN PAVTVRLMVY -VVV-GLMPP -KLNQNAHRP DQQRR-AEIM TY----HEGN IIWWRGD
A_Hydrogenophilus_BetaP_Thermophillic  ---------- ---------- ---------- ---------- ---------- ---------- ---------- ---------- ---------- ---------- ----EQST-- IDMDDGVQLQ MRPQRNSDY- ------AASK EDEFIAKCSS YCFIPWDDNT AEEKEYY-FK AGT-SAEHLY IHNQSY--IN PIITVRLMIY MVIL-PLMPP -RLNQKAKRP EQKKR-EEIM TI----HEGN VIWWRGL
A_Methylococcus_GammaP_Methanotrophic  ---------- ---------- ---------- ---------- ---------- ---------- ---------- ---------- ---------- ---------- ---------V M--DDGMPLS MSKQSSSDY- ------AAAA EDEFFARTSN YCFIPWDDNT PEEKEYY-FR AGT-SPEHHY LNHQSY--IN PAVAVRLMVY -VIV-GLMSP -KLNQGAHKP KQRRR-EEVM TF----HEGN IIWWRGD
A_Nitrobacter_AlphaP            ---------- ---------- ---------- ---------- ---------- ---------- --------AA DEEEFGGILN NPQQRRRRRR SSSSSTTTTV VYYY----PE -----K-D-D L--------- ------PNVG NAEFRSITRT YCFCGWDDDC DEDNQDF-QK MGK-TKGFYN LRYGSY--IA VLIILSMFIF -AII-PLM-P -KLHQMERTD QEQRR-ELSM WS----TPAS VVWWHDN
A_Nitrosomonas_BetaP            ---------- ---------- ---------- ---------- ---------- ---------- ---------- ---------- ---------- ---------- ---------V M--DDGVSLT LSKIRSSEY- ------LAAR EDEFMARTSD YCFIPWDNNT QEEKEYY-FK AGT-KKEHHY LNNQSY--VN PAVTVRLMVY -VIV-GLMPP -KLFQGAHKP QQKRR-DEIM SF----NEGN IIWWNGS
A_Prochlorococcus_Cyanob        ---------- ---------- ---------- ---------- ---------- ---------- ---------- ---------- ---------- ---------- ---------- QPF-DGVP-- MSQG---TY- ------SVAL ENEFMAAVVT YCFIPWDDDT QEHKASY-LD SGK-AREHHF VHYQGY--IS PLVTIYIFIF MLIV-GLY-P -RLGQTAHTP EQQRQ-EEIF SY----TSGA VVWWTGQ
A_Synechococcus_Cyanob          ---------- ---------- ---------- ---------- ---------- ---------- ---------- ---------- ---------- ---------- ---------- QPF-DGVP-- MSQG---TY- ------CLAV ENEFMCAVVT YCFIPWDDDT QEHKASY-LD SGK-AREHHF VHYQGY--VS PLVAIYIFIF MLIV-GLY-P -RLNQTAHTP EQQRE-DEVF SY----TSGA VVWWTGA
ACDII_Rhodopse_AlphaP_purple_Nonsulfur  ---------- ---------- ---------- ---------- ---------- ---------- ---------S DDEEFGGMLG NPQRKRRRRR AGGSVDRTTA VYYY----PE -----R-D-D L--------- ------PNIG NAEFRSLTRT YCFAGWDDDC DEDGQEF-QA MGQ-SKGFYN MRYGSY--LA VLILLALFVF -AII-PLM-P -KLHQMERTD QEKRR-ELSM WS----TPAS VVWWHDN
AII_Hydrogenovibr_GammaP_HydrogenOxidizing  ---------- ---------- ---------- ---------- ---------- ---------- ---------- ---------- ---------- ---------- ---------- M--DDGVKLM MSPQRSSQY- ------AAAV DNEFFNRSST YCFIPWDDNT AEEKEYY-AA AGT-SDEHHK LNNQSY--IN PVVAIKLMVY -AIL-GLMPP -KLNQTAIKP QQKRR-DEIM SY----YEGN VVWWAGS
AII_Rhodobacter_AlphaP          ---------- ---------- ---------- ---------- ---------- ---------- ---------- ---------- ---------- ---------- ---------V M--RDGVPLA MSPQRSSTY- ------AGAA KDEFANRTSG YCFIPWDDGT EEEKEYY-MR AGT-KTGHHY LHNQSW--IN PLVAVRLMVY -VII-GLMPP -ELFQEAHKP EQNRR-AEIM SF----IDGN VIWWTGQ
AII_Thiobacillus_BetaP          ---------- ---------- ---------- ---------- ---------- ---------- ---------- ---------- ---------- ---------- ---------V M--DDGVALT MSKMRSSEY- ------LAAR EDEFMARTSN YCFLPWDDNT AEEKEYY-FK GGT-SKEHHY LNNQSY--IN PAVAVRLMVY -IIV-GLMPP -KLHQAAHKP DQKRR-AEVM SF----SEGN IIWWAGD
B_Anabaena_Cyanob               ---------- ---------- ---------- ---------- ---------- ---------- ---------- ---------- ---------- ---------- ---------Y ---L-V-PQR L----T---- ------PAQE QRELTSRNET YCFIPYTDGT DEEKQTF-YK GGK-SSEFYH LHYQSY--VI PVILLEVFVY MSII-PLLPP -SLEQKARRA QQQRK-VAVL CI----FSGN VVWWKGE
B_Chlamydomonas_Alga            ---------- ---------- ---------- ---AAAAAAC EFGIIKKLNP PRRSSSSSSS VVVVVVYY-- ---AFDN--- -P-K----QR --V------- ---SARAARA VSS-AIMP-T LRKA---PLA AMPQTWACAQ VMEFDGKANT YCFIPWDDDT DEEKDTFVFA RGRVAKEFYQ LAFQSYMVLI PIVMVALFVY MPILPPLMPP AKLKQNATMA QQNRRNECVM VQAAAQRDAN VVWWKGN
B_Chlorellaalga                 ---------- --------AA GGGKLNNPPP PRR--AACPC VFTITSSNDA PRVAKLSSSV --ALVVYY-- PPPQYDYCLL GPNCREITRK -AL-Q-ELQ- --TSAAALTA ASPPLTA-LS -WPSRSRPSC Q-TCSGAATQ ASESDASSTS YAFLPWDDDP DENKGAFLSR AGT-HARFYH LSFQPR-ALT PIVVHDMIAT MAPLPPLMPP AKCSQTNVSA RQSRRSRCAM VVAASRREAA VVWYRGN
B_Euglena_Protist               ---------- --ACEPRY-- ---------- ----T----A DFSY---GN- -R-NA--AG- --T--IYY-- -----W---- ---------- ---------- --------SS -----V-P-G L--------- -M--NWSCAQ SSEFDSKSNS YLFIPWDDET DELKDTFVWK KGTVASEFFQ LNAQSMK-LI PLVTIALFVY -AIVPPLM-P -FLIQNPEFR EQKRR-ACAM VV----REAS VVWWKGN
B_Gloeobacter_Cyanob            ---------- ---------- ---------- ---------- ---------- ---------- ---------- ---------- ---------- ---------- ---------- ---L-T-PQ- L----T---- ------PCSE NQEMTSKNKT YCFMPYSDGT DEEKQTF-YK SGR-D-EFFY LCYQSY--VI PVIMLAVFIY MPII-PLMPP -SLEQKARFT EQKRK-AVIL CI----VSGN VVWWRSM
B_Marchantia_Plant              -----GGSST TT------AS --WA-----Q SERV-AATPP -EGTVQSG-L GRA--SVMSA SVTIV--Y-- ---------- ---------- ---------- ----SAAG-- VVS-GCFA-Q LSKA---ALV KMTCEWVCIS EAELDMLDNS YCFVTWDDKT QEVKDTFYFK RGTVKTEFYH LCYQSYQIIA PIIAIACFIY MSLIPPLMPP NKLTQNEKKQ AQSRQSDCLM VTSTSRRGGN VVWWRGG
B_Nicotiana_Planttabacco        ----R-K--- --------A- --D------I NL-VVLSATP -ENYVQSG-V GRN--SVSNA SAKSR--Y-- ---------- ---------- ---------- ----SAAQ-Y VNMFGCFDAG LAKTASSPLV SMICPWFCAQ ETELDSKEKS YAFLPWDDQT QETKETFIYS AGTVKEEFWY LAYQSYQALV PVIILLIFVY MALIPPLMPP NKLGENEKKE QQNRKQECIM VVGSTRRHGN AVWWRGG
B_Nostoc_Cyanob                 ---------- ---------- ---------- ---------- ---------- ---------- ---------- ---------- ---------- ---------- ---------Y ---L-I-PQR L----T---- ------PAQE QRELTSRNET YCFIPYTDGT DEEKQTF-YK AGK-SSEFYH LHYQSY--VI PVILLEVFVY MSII-PLLPP -SLEQKSRRV QQQRK-VAVL CI----LSGN VVWWKGE
B_Ostreococcus_alga             --KV------ ---------- ------W--- ----S----S HDSN-K-LG- GL-GD--NS- --I--AYY-- QDQ-CA--VG --R--K--A- ----I----- --------AG VSA-QCVP-S LAAQ---QVA VMASRWACCE NDEFDGKENS YAYLPWNDDT DEDKQVFHFK AGQINAEFYY LCFQSYMVIT PVIALAVFCF MTILPPLM-P TKLHQGMKMA EQNRRKACVM VIASTNREGN VVWWKGN
B_Physcomitrella_PlantMoss      -F-----ARA SV------VS GSQA----SQ KSS--ASAPS -TNSVSSG-T GRV--TVSSV --GAV--Y-- ---------- ---------- ---------- ----SSAE-- VSSFGIFPT- LKKSALSALV SMSCNWVCSQ QSEFDGPDQS YCFMPLDDST DETKDTFIFR RNTVQNEFWA LCYQSYQVII PIVCIAVFVY MSILPPLMTP NTLAQGEKKV QQQRRQDCLM VKSQLRRGGS VVWWKGG
B_Prochlorothrix_Cyano          ---------- ---------- ---------- ---------- ---------- ---------- ---------- ---------- ---------- ---------- ---------Y ---L-S-PKR L----T---- ------AAEE RQELTSRNES YCFMPYSDNT DEEKETF-YR GGT-RNEFYH LCYQSY--VI PVIVVAVFIY MTII-PLMPP -TLDQKERRD QQERK-QAVL CI----CSGN VVWWKHT
B_Selaginella_PlantFern         ---------- ---------- --G------G ID-------P -ENS-K-G-- GR-----ES- --R----Y-- ---E-S---- ---------- ---------- -----E--HK ATAFACLPTK LAKNSSPPRV PMPCCVICMQ EAELDSSDNS YCFMPWDDNT PEHKDTFLFR RNSISSEFYQ LAYQSYQVLI PIIILAVFIY MPVIPPLLPP SSLAESEKRV NQKRKNDCLM VISSERRGGN VVWWRGG
B_Spinacia_Plant                ------K--- --------P- --DA-----I ND-AVLSATP -EHYVKSG-T GRR--SVSHA TRNSV--Y-- ---------- ---------- ---------- ----SAAQ-Y VSMFGCFPVG LAKTTGSPLV SMLCPWFCEQ EAELDSKEMT YCFLPWDDNT TETKDTFQYR NKTVNAEFFY LAYQSYKALV PLIVLAIFVY MPLITPLMPP NKLGQNEKRD QQNRKQDCIM VNGSTRRHGS AVWWRGG
B_Synechococcus_Cyanob          S--------- ---------- ---------- ---------- ---------- ---------- ---------- ---------- ---------- ---------- ---------- ---L-T-PKR L----T---- ------PLEQ RQEFESRNES YCFMGFADDT DEEKETF-FA DGA-EGEFYH LCYESY--IH PVISIAVFIY MPII-PLMPP -SLNQKERRH QQQRR-RCAL CI----FSGN VVWWKAE
B_Synechocystis_Cyanob          ---------- ---------- ---------- ---------- ---------- ---------- ---------- ----RG---- --------Y- ---------- --------QN ---L-T-PKQ L----T---- ------PGEE RNELESREET FCFLPFTDNT DEEKETF-YK AGA-DNEFYH LCNQSF--VI PVIVLAVFVY MAII-PLMPP -SLQQKERRD QQQRK-QGIF CI----HPGN VVWWKGT
B_Thermosynechococcus_Cyanob    ---------- ---------- ---------- ---------- ---------- ---------- ---------- ---SGSG--- ---Y----YR ---------- ---Y----NA ---L-V-PKQ L----T---- ------ACED QQEFESRNES YCFAPYNDNT DEEKQTF-YR NGT-DNEFFY LCYQSY--VH PVIMIAVFIY MAII-PLMPP -SLNQKQRRT QQQRK-ACVL CI----RSAN VVWWKNI
B_Trichodesmium_Cyanob          ---------- ---------- ---------- ---------- ---------- ---------- ---------- -----Y---- ---------- ---------- --------RR ---L-V-PRQ L----T---- ------AGEE DDELESRSET YCFIPFTDDT DEEKQTF-YK VGR-DNEFFH LCNQSY--VI AIILLRVFLY MIII-PLLPP -SLDQKARRS QQQRK-LAML CV----HSGN VVWWKQM
CD_Acidiphilium_AlphaP          ---------- ---------- ----GS---- ---------- ---------- ---------- ---------V ATEEFGGMLG TPSAKRRRMR ANGSAQRTEV LYYY----PE -----R-D-D L--------- ------PNIA AKEFRSLTRT YCFCDWDDDC DEDGQEF-QR SGR-DKGYYQ MCHTSY--LA VLIILSLFIF -AII-PLM-P -RLHQMDRTD QEKRR-EISM WT----TPAA VIWWNDN
CD_Burkholderia_BetaP           ---------- ---------- ----RA---- ---------- ---------- ---------- ---------A PTDSFGGQLG VPQERRRRRR GPGTGDSLGG MYYY----PE -----R-E-E L--------- ------PSAG KAEFRSITRT YCFAPWDDQT DEDGDEF-QL QGR-SDGYYN LHQGSY--VA CVILLRVFIF -AII-PLM-P -ALHQMARTD EEQKR-ELNM FV----TPAS VVWWRDN
CD_Cylindrotheca_alga           ---------- ---------- ---------- ---------- ---------- ---------- --------AS KEEEFGGILG QPAGNRRNYR S--SGQKITV CYYY----PE -----V-D-N L--------- ------PNAS QAEFRSLTRT YAFAAWDDAC DEDGNEF-QK FGK-SAGWYN MGCGSY--VA MLIMIEMFVF -PII-PLL-P -KLHQMERTD QEKRR-EINL TS----NPAA VVWWYDN
CD_Ectocarpus_algabrown         ---------- ---------- ---------- ---------- ---------- ---------- --------AA QEESFGGILG NPNDRRRQYR S--SVQSITV CYYY----PE -----V-D-T L--------- ------PSVA AAEFRSVTRS YCFAPWDDEC DEDGAEF-QQ YGK-SIGWYQ MGNGSY--VA VLIMMKIFVF -PII-PLL-P -KLHQMERTD QEKKR-DVNL TS----SPAA VVWWIDN
CD_Emiliania_Diatom_PhytoplanktonEu  ---------- ---------- ---------- ---------- ---------- ---------- --------AS QSEEFGGLLG NPQEKRRVRR A--SVSELTV AYYY----PE -----V-D-Y L--------- ------PSAA NAEFRSLTKT YCFAPWDDNC DEDGQEF-QK FSK-NAGYYQ LFKGSY--IA LIVLLTCFIF -PII-PLM-P -KLHQMMKTD QEKKR-EMVL TT----NPAN VVWWRDN
CD_Nitrobacter_AlphaP           ---------- ---------- ---------- ---------- ---------- ---------- --------EA DEEEFGGVLS NSQQRRRRRR SSSSSATTTV VYYY----PE -----K-D-N L--------- ------PNVG KAEFRSITRT YCFCGWDDDC DEDNQEF-QR MNP-SKGFYN LRYGSY--IA VLIILSIFIF -AII-PLM-P -KLHQMERTD QEQRR-DLSM WS----TPGS VVWWPDN
CD_Nitrosococcus_GammaP         ---------- ---------- ---------- ---------- ---------- ---------- ---------A DVEEFGGILG HPQERRRNGR S-QSVDRVTA PYYY----PE -----C-D-N L--------- ----NTPNTG NAEFRSITRT YCFAPWDNNQ DEDGKEFGQA MDKMKKGYYN MHYGSY--VA VIVMLLVFIF MPIIHPIM-P -KLHQNDRTD QENRR-ELTM VH----TPAS VIWFRDN
CD_Nitrosospira_BetaP           ---------- ---------- ---------- ---------- ---------- ---------- ---------A DVEEFGAILG QPQEKRRRGR S--SVEHVTT PYYY----PE -----A-P-N L--------- ----NTPGTG NAEFRSLTRT YCFAPWDDNQ DEDGKEFQQA QNKMKKGYYN LHYGSY--IA IIIMLSVYIF MPIIFPNM-P -KLHQNDRTD QENRR-KLTM VS----TPAS VIWFRDN
CD_Odontella_alga               ---------- ---------- ---------- ---------- ---------- ---------- --------AS AEEEFGGILG FATSNRRTYR R--SGQKITV CYYY----PE -----V-D-N L--------- ------PNSS SAEFRSLTRT YAFCAWDDNC DEDGAEF-QK FGK-DSGWYS MGCGSY--VA MLIMIEMFIF -III-PLL-P -KLHQMERTD QEKRR-QINL TS----SPAA VVWWYDN
CD_Olisthodiscus_alga           ---------- ---------- ---------- ---------- ---------- ---------- --------RA EEEEFGGILG MPTSNRRRYR S--SAAHITV SYYY----PE -----A-D-S L--------- ------PGLA NSEFRALTRT YCFCPWDNEA DEDGDEF-QK YGK-SKGWYQ LGNGSY--VS VVISLILFIY -SII-PLL-P -RLHQMERTD QERKR-AVVL TA----APAA VIWWRDN
CD_Paracoccus_AlphaP            ---------- ---------- ---------- ---------- ---------- ---------- ---------G DWE-FG-ITG H-M--RRRR- L--TA-EHT- VVY-----PE -----M-D-S L--------- ------PGAG DKEFRSITRT YCFIGWDDDC DEDGEEF-QD MDK-SKGFYN MSHGSY--IA VLIMLRIFVF -AII-PNM-P -KLHQMERTE QERRR-ELNM WT----TPAS VVWWRDN
CD_Pleurochrysis_alga           ---------- ---------- ---------- ---------- ---------- ---------- --------AS KTEEFGGLMG QPQEKRRVKR S--SVDELTV CYYY----PE -----V-D-Y L--------- ------PSAA NAEFRSLTKT YAFAPWDDNA DEDGQEF-QK FSK-NSGYYQ LYKGSY--IA IILLLTIFIF -PVI-PLM-P -KLHQMMRTD QEKKR-AVAL IT----SPCN VIWWRDN
CD_Porphyridium_alga            ---------- ---------- ---------- ---------- ---------- ---------- ---------A QEEEFGGILG NPQSKRRLHR S--SVNKITV CYYY----PE -----C-D-N L--------- ------PSAA ASEFRSLTRT FCFAPWDDNT DEDGQEF-QK YKK-SIGYYN MYKGSY--VA VIILVQVFVF -AII-PLL-P -KLHQMARTD QEKKR-AVNL VT----SPAN ILWWRDN
CD_Rhodobacter_AlphaP           ---------- ---------- ---------- ---------- ---------- ---------- ---------R DEE-LS-IMG S-T--RRRR- I--TV-SHT- VVY-----PE -----T-D-V L--------- ------PSAG DKEFRSITRT YCFCPWDDGC DEDGDEF-QA IGR-GEGHYN MRWGSY--LA VLIMLSIFVF -PII-PMM-P -KLHQMERTD QERRR-ALNM FT----TPAS VVWWRDN
CD_Rubrivivax_BetaP             ---------- ---------- ---------- ---------- ---------- ---------- ---------A NVEEFGAMVG SPQQKRRRGR S--SVDHVTT IYYY----PE -----A-D-T L--------- ----NTPSTG NAEFRSLTRT YCFGPYDDNQ DEDGEEFTQL MGQMKPGYYN LHFGSY--IA WLIMLTLFIF MAILPPMM-P -KLHQGARTD EEKRR-ELMM IT----TPAS VVWYRDN
CD_Sinorhizobium_AlphaP         ---------- ---------- ---------- ---------- ---------- ---------- ---------R NTE-LS-QMG S-T--RRHR- T--TS-EWM- VQY-----PE -----T-D-N L--------- ------PGAG EKEFRSITRT YCFCPWDDQC DEDGQEF-QA MGK-GEGYYN MDHGSY--VA ILIMLTLFVF -AII-PNM-P -KLHQMDRTD QEKRR-ELNM LS----TPAS VVWWRDN



    1    1    1    1    1    1    1    1    1    1    1    1    1    2    1
    1    1    1    1    1    1    1    1    1    1    1    1    1    1    1
    1    1    1    1    1    1    1    1    1    1    1    1    1    1    1
    1    1    1    1    1    1    1    1    1    1    1    1    1    1    1
    1    1    1    1    1    1    1    2    1    1    1    1    1    1    1
    1    1    1    1    1    1    1    1    1    1    1    1    1    1    1
    1    1    1    1    1    1    1    1    1    1    1    1    1    1    1
    1    1    1    1    1    1    1    1    1    1    1    1    1    1    1
    1    1    1    1    1    1    1    1    1    1    1    1    1    1    1
    1    1    1    1    1    1    1    1    1    1    1    1    1    1    1
    1    1    1    1    1    1    1    1    1    1    1    1    1    1    1
    1    1    1    1    1    1    1    1    1    1    1    1    1    1    1
    1    1    1    1    1    1    1    1    1    1    1    1    1    1    1
    1    1    1    1    1    1    1    1    1    1    1    1    1    1    2
    1    1    1    1    1    1    1    1    1    1    1    1    1    1    1
    1    1    1    1    1    1    1    1    1    1    1    1    1    1    1
    1    1    1    1    1    1    1


Site-to-pattern map:   1 201 107 105 64 45 36 47 56 60 62 57 38 39 65 37 53 50 19 24 29 20 33 12 10  8 11  9 108 106 112 113 111 122 128 117 124 115 129 123 127 125 119 126 114 209 34 61  5  7 46 31 32 23 30 235 131 133 188 234 211 51  3  4 233 236 130 226 134 132 187 174 136 135 205 168 216 149 147 219 169 177 160 144 185 200 213 210 118 121 150 161 227 221 203 196 170 215 199 165 186 154 195 175 28 223 172 156 190 191 138 189 162 178 148 163 220 238 214 137 15 17 13 18 16 14 14 67 66 55 49 41 54 27 35 44 52 42 43  2 22 21 59 63 58 40 48 68 68 145 247 237 151 243 166 208 244 164 207 210 230 153 246 228 173 157 202 142 140 242 181 171 143 192 141 217 152 218 212 139 183  6 155 159 182 179 193 224 197 229 239 167 158 240 232 245 184 231 222 94 101 116 194 146 198 204 241 180 225 206 176 120 110 109 76 75 89 79 72 86 83 73 95 71 80 87 81 78 88 103 99 98 97 91 102 70 100 96 69 85 82 74 77 84 90 104 93 92 26 25
AAML (in paml version 4.9j, February 2020)  ASRTEMP_compactalignment_ASRTEMP.fasta
Model: Empirical_F,  (/Users/fer/Desktop/asr_tutorial/paml4.9j/dat/lg.dat) dGamma (ncatG=4) ns =  51  ls = 250


Frequencies..
                                    A      R      N      D      C      Q      E      G      H      I      L      K      M      F      P      S      T      W      Y      V
A1_Allochromatium_GammaP       0.18487 0.07563 0.00000 0.03361 0.04202 0.05042 0.05882 0.03361 0.10924 0.05882 0.05882 0.00000 0.03361 0.01681 0.05882 0.05882 0.04202 0.01681 0.02521 0.04202
A1_Thiomicrospira_GammaP_HydrothermalSulfurOx 0.10345 0.04310 0.06034 0.06897 0.00862 0.06034 0.06034 0.04310 0.01724 0.06034 0.05172 0.05172 0.05172 0.02586 0.06034 0.06897 0.02586 0.02586 0.06897 0.04310
A2_Allochromatium_GammaP       0.05310 0.07080 0.04425 0.05310 0.00885 0.02655 0.08850 0.05310 0.06195 0.05310 0.07965 0.01770 0.03540 0.04425 0.07080 0.07080 0.04425 0.02655 0.07080 0.02655
A2_Thiomicrospira_GammaP_HydrothermalSulfurOx 0.06140 0.05263 0.04386 0.07018 0.01754 0.06140 0.07018 0.05263 0.03509 0.07018 0.07018 0.01754 0.03509 0.03509 0.06140 0.04386 0.05263 0.02632 0.07895 0.04386
A_Acidithiobacillus_GammaP     0.07627 0.04237 0.05085 0.04237 0.00847 0.05085 0.07627 0.05085 0.03390 0.03390 0.05932 0.06780 0.02542 0.03390 0.05085 0.06780 0.05932 0.02542 0.05932 0.08475
A_Alkalilimnicola_GammaP       0.08475 0.05932 0.04237 0.05932 0.00847 0.04237 0.07627 0.04237 0.04237 0.03390 0.05932 0.03390 0.05085 0.02542 0.07627 0.06780 0.05085 0.02542 0.06780 0.05085
A_Cupriavidus_BetaP            0.09322 0.05085 0.05085 0.06780 0.00847 0.02542 0.05932 0.04237 0.02542 0.02542 0.05932 0.07627 0.05932 0.03390 0.05085 0.06780 0.02542 0.02542 0.06780 0.08475
A_Halorhodospira_GammaP        0.07563 0.05042 0.04202 0.08403 0.00840 0.05042 0.08403 0.04202 0.05042 0.05882 0.04202 0.04202 0.04202 0.03361 0.05882 0.05042 0.04202 0.02521 0.06723 0.05042
A_Hydrogenophilus_BetaP_Thermophillic 0.05645 0.05645 0.04839 0.05645 0.01613 0.05645 0.08871 0.03226 0.02419 0.09677 0.05645 0.06452 0.04839 0.02419 0.06452 0.05645 0.04032 0.02419 0.05645 0.03226
A_Methylococcus_GammaP_Methanotrophic 0.07627 0.05932 0.05085 0.05932 0.00847 0.03390 0.07627 0.05085 0.04237 0.04237 0.04237 0.04237 0.05085 0.04237 0.06780 0.07627 0.03390 0.02542 0.05932 0.05932
A_Nitrobacter_AlphaP           0.04255 0.08511 0.04965 0.07801 0.02128 0.04965 0.06383 0.04965 0.01418 0.05674 0.05674 0.03546 0.03546 0.04965 0.04965 0.07801 0.06383 0.02837 0.04965 0.04255
A_Nitrosomonas_BetaP           0.05085 0.05085 0.06780 0.05085 0.00847 0.04237 0.07627 0.05085 0.02542 0.05085 0.05932 0.06780 0.04237 0.04237 0.05085 0.06780 0.04237 0.02542 0.05932 0.06780
A_Prochlorococcus_Cyanob       0.06195 0.02655 0.00885 0.04425 0.00885 0.07965 0.06195 0.07080 0.04425 0.06195 0.05310 0.01770 0.02655 0.06195 0.06195 0.06195 0.07080 0.02655 0.07080 0.07965
A_Synechococcus_Cyanob         0.07080 0.02655 0.01770 0.05310 0.02655 0.06195 0.06195 0.06195 0.04425 0.04425 0.05310 0.01770 0.02655 0.06195 0.06195 0.05310 0.06195 0.02655 0.07080 0.09734
ACDII_Rhodopse_AlphaP_purple_Nonsulfur 0.06429 0.10000 0.03571 0.08571 0.01429 0.04286 0.06429 0.07857 0.01429 0.02857 0.07857 0.02857 0.04286 0.05000 0.05000 0.05714 0.04286 0.02857 0.05000 0.04286
AII_Hydrogenovibr_GammaP_HydrogenOxidizing 0.09402 0.03419 0.06838 0.05983 0.00855 0.05128 0.05983 0.04274 0.01709 0.05128 0.05128 0.05983 0.05128 0.02564 0.05983 0.07692 0.03419 0.02564 0.06838 0.05983
AII_Rhodobacter_AlphaP         0.07627 0.05932 0.04237 0.04237 0.00847 0.04237 0.07627 0.07627 0.03390 0.05932 0.05085 0.03390 0.05085 0.03390 0.06780 0.05085 0.05085 0.03390 0.05085 0.05932
AII_Thiobacillus_BetaP         0.09322 0.05085 0.05085 0.05932 0.00847 0.02542 0.07627 0.05085 0.03390 0.04237 0.05932 0.05932 0.05932 0.03390 0.05085 0.06780 0.03390 0.02542 0.05932 0.05932
B_Anabaena_Cyanob              0.03670 0.05505 0.01835 0.01835 0.01835 0.08257 0.08257 0.04587 0.01835 0.05505 0.09174 0.05505 0.00917 0.04587 0.07339 0.06422 0.05505 0.01835 0.07339 0.08257
B_Chlamydomonas_Alga           0.15676 0.05946 0.04324 0.04324 0.02162 0.05405 0.03243 0.02162 0.00000 0.03784 0.04865 0.05405 0.04865 0.04865 0.07568 0.05946 0.03243 0.02162 0.03784 0.10270
B_Chlorellaalga                0.14953 0.07944 0.03271 0.03738 0.03738 0.03738 0.02336 0.03738 0.01402 0.01869 0.07477 0.02336 0.01869 0.02336 0.11215 0.11215 0.06075 0.01402 0.03738 0.05607
B_Euglena_Protist              0.08696 0.04348 0.05072 0.04348 0.02899 0.03623 0.05797 0.03623 0.00000 0.04348 0.06522 0.05072 0.02899 0.06522 0.06522 0.08696 0.04348 0.04348 0.05072 0.07246
B_Gloeobacter_Cyanob           0.02830 0.03774 0.02830 0.02830 0.03774 0.05660 0.06604 0.02830 0.00000 0.06604 0.06604 0.06604 0.05660 0.05660 0.08491 0.07547 0.06604 0.01887 0.06604 0.06604
B_Marchantia_Plant             0.08840 0.03867 0.02210 0.03315 0.03867 0.05525 0.04420 0.06630 0.00552 0.04972 0.05525 0.04972 0.03315 0.03315 0.04420 0.10497 0.08287 0.02762 0.04420 0.08287
B_Nicotiana_Planttabacco       0.08889 0.03889 0.05000 0.02778 0.02222 0.05556 0.06667 0.05556 0.00556 0.04444 0.07222 0.06111 0.02778 0.03889 0.05556 0.08333 0.04444 0.02778 0.05556 0.07778
B_Nostoc_Cyanob                0.02752 0.05505 0.01835 0.01835 0.01835 0.08257 0.08257 0.03670 0.01835 0.06422 0.10092 0.05505 0.00917 0.03670 0.07339 0.07339 0.05505 0.01835 0.07339 0.08257
B_Ostreococcus_alga            0.10714 0.02976 0.05952 0.05357 0.04167 0.05952 0.04167 0.05952 0.01786 0.04167 0.05357 0.05952 0.04167 0.04167 0.04167 0.05952 0.02976 0.02976 0.04762 0.08333
B_Physcomitrella_PlantMoss     0.06522 0.04348 0.02717 0.03804 0.03261 0.07609 0.02717 0.05978 0.00000 0.03804 0.05435 0.04348 0.02717 0.04891 0.04891 0.15761 0.05435 0.02174 0.03261 0.10326
B_Prochlorothrix_Cyano         0.03670 0.07339 0.03670 0.03670 0.03670 0.05505 0.09174 0.02752 0.01835 0.05505 0.06422 0.04587 0.02752 0.03670 0.06422 0.05505 0.07339 0.01835 0.07339 0.07339
B_Selaginella_PlantFern        0.05000 0.06250 0.05000 0.04375 0.03750 0.03125 0.06875 0.05000 0.01250 0.06250 0.06875 0.05000 0.03125 0.03750 0.09375 0.10625 0.02500 0.01875 0.04375 0.05625
B_Spinacia_Plant               0.07222 0.05000 0.05000 0.04444 0.02778 0.04444 0.04444 0.05556 0.01667 0.02778 0.07222 0.05556 0.03333 0.04444 0.06667 0.07222 0.07222 0.02222 0.05556 0.07222
B_Synechococcus_Cyanob         0.05505 0.07339 0.02752 0.03670 0.03670 0.05505 0.11009 0.03670 0.02752 0.06422 0.06422 0.03670 0.02752 0.07339 0.07339 0.06422 0.03670 0.01835 0.04587 0.03670
B_Synechocystis_Cyanob         0.03540 0.05310 0.05310 0.03540 0.02655 0.07965 0.09734 0.05310 0.01770 0.05310 0.07080 0.05310 0.01770 0.07080 0.07965 0.02655 0.06195 0.01770 0.03540 0.06195
B_Thermosynechococcus_Cyanob   0.05932 0.05932 0.07627 0.03390 0.04237 0.08475 0.05932 0.02542 0.00847 0.05932 0.05085 0.04237 0.02542 0.05085 0.05932 0.05932 0.04237 0.01695 0.08475 0.05932
B_Trichodesmium_Cyanob         0.03604 0.08108 0.02703 0.06306 0.02703 0.07207 0.07207 0.02703 0.01802 0.06306 0.10811 0.04505 0.02703 0.05405 0.05405 0.05405 0.04505 0.01802 0.04505 0.06306
CD_Acidiphilium_AlphaP         0.07042 0.09859 0.02817 0.08451 0.02817 0.04225 0.06338 0.05634 0.01408 0.05634 0.07042 0.02817 0.04225 0.04225 0.04930 0.05634 0.06338 0.02817 0.04930 0.02817
CD_Burkholderia_BetaP          0.07042 0.10563 0.02113 0.07042 0.01408 0.05634 0.07042 0.09155 0.01408 0.03521 0.07042 0.01408 0.02817 0.04930 0.07042 0.04930 0.04930 0.02113 0.04930 0.04930
CD_Cylindrotheca_alga          0.08633 0.05755 0.06475 0.05036 0.02158 0.04317 0.07914 0.07194 0.00719 0.05036 0.05755 0.04317 0.03597 0.05036 0.05755 0.05755 0.03597 0.02878 0.05755 0.04317
CD_Ectocarpus_algabrown        0.07194 0.05755 0.03597 0.06475 0.02158 0.05755 0.06475 0.05755 0.00719 0.05755 0.05036 0.03597 0.02878 0.04317 0.06475 0.07914 0.03597 0.02878 0.05755 0.07914
CD_Emiliania_Diatom_PhytoplanktonEu 0.07194 0.05036 0.05036 0.05036 0.02158 0.05036 0.07194 0.04317 0.00719 0.03597 0.08633 0.06475 0.02878 0.05755 0.06475 0.05755 0.05036 0.02158 0.05755 0.05755
CD_Nitrobacter_AlphaP          0.03546 0.09220 0.04965 0.07092 0.02128 0.04965 0.07092 0.04965 0.00709 0.05674 0.05674 0.02837 0.02837 0.04965 0.05674 0.09929 0.04965 0.02837 0.04965 0.04965
CD_Nitrosococcus_GammaP        0.04828 0.07586 0.07586 0.06897 0.01379 0.04138 0.06207 0.06207 0.03448 0.05517 0.04138 0.03448 0.04828 0.04828 0.06897 0.03448 0.05517 0.01379 0.05517 0.06207
CD_Nitrosospira_BetaP          0.05556 0.06944 0.06944 0.05556 0.00694 0.05556 0.06250 0.05556 0.02083 0.06250 0.04861 0.04861 0.03472 0.04861 0.07639 0.04861 0.06250 0.01389 0.06250 0.04167
CD_Odontella_alga              0.07194 0.06475 0.04317 0.05755 0.02878 0.03597 0.07194 0.06475 0.00719 0.06475 0.05755 0.03597 0.03597 0.05755 0.04317 0.08633 0.05036 0.02878 0.05755 0.03597
CD_Olisthodiscus_alga          0.08633 0.08633 0.03597 0.05036 0.01439 0.02878 0.07914 0.06475 0.01439 0.05755 0.07914 0.02878 0.01439 0.03597 0.05755 0.07914 0.04317 0.02878 0.06475 0.05036
CD_Paracoccus_AlphaP           0.03876 0.09302 0.03101 0.08527 0.01550 0.02326 0.08527 0.06977 0.03101 0.06202 0.04651 0.03101 0.06202 0.05426 0.04651 0.04651 0.06202 0.03876 0.03101 0.04651
CD_Pleurochrysis_alga          0.07194 0.05036 0.03597 0.05755 0.01439 0.05036 0.06475 0.04317 0.00719 0.05755 0.07914 0.07194 0.02878 0.05036 0.06475 0.06475 0.05036 0.02158 0.06475 0.05036
CD_Porphyridium_alga           0.07246 0.05797 0.05797 0.05072 0.02174 0.05072 0.05797 0.04348 0.01449 0.05797 0.07246 0.06522 0.01449 0.05072 0.05797 0.06522 0.04348 0.02174 0.05797 0.06522
CD_Rhodobacter_AlphaP          0.03876 0.10853 0.02326 0.07752 0.02326 0.02326 0.06977 0.06202 0.02326 0.06202 0.05426 0.01550 0.05426 0.04651 0.06202 0.06202 0.06977 0.03101 0.03101 0.06202
CD_Rubrivivax_BetaP            0.05556 0.06944 0.04167 0.05556 0.00694 0.04167 0.06944 0.06944 0.02083 0.04167 0.06944 0.02778 0.06250 0.04861 0.06944 0.04861 0.08333 0.01389 0.06250 0.04167
CD_Sinorhizobium_AlphaP        0.03876 0.07752 0.04651 0.06977 0.02326 0.05426 0.07752 0.06202 0.02326 0.03876 0.06202 0.03101 0.06202 0.03876 0.05426 0.05426 0.07752 0.03101 0.03876 0.03876

Homogeneity statistic: X2 = 5.71612 G = 5.67366 

Average                        0.07260 0.06179 0.04251 0.05317 0.02162 0.05010 0.06588 0.05171 0.02060 0.05039 0.06310 0.04294 0.03637 0.04397 0.06310 0.06953 0.05083 0.02425 0.05478 0.06077
(Ambiguity characters are used to calculate freqs.)


# constant sites:      4 (1.60%)

TREE #  1:  (1, (((((((2, 16), 6), (((((5, ((7, 18), 12)), 10), 8), 9), 17)), (13, 14)), 3), 4), ((((((((19, 26), 23), (33, 35)), 29), (32, 34)), ((24, ((25, 31), 30)), 28)), ((20, 21), 22)), 27)), ((((((11, 41), (15, 36)), (46, (49, 51))), 37), ((((38, 44), (39, 45)), 48), (40, 47))), ((42, 43), 50)));   MP score: -1
lnL(ntime: 99  np:100):  -8766.900720      +0.000000
  52..1    52..53   53..54   54..55   55..56   56..57   57..58   58..59   59..2    59..16   58..6    57..60   60..61   61..62   62..63   63..64   64..5    64..65   65..66   66..7    66..18   65..12   63..10   62..8    61..9    60..17   56..67   67..13   67..14   55..3    54..4    53..68   68..69   69..70   70..71   71..72   72..73   73..74   74..75   75..19   75..26   74..23   73..76   76..33   76..35   72..29   71..77   77..32   77..34   70..78   78..79   79..24   79..80   80..81   81..25   81..31   80..30   78..28   69..82   82..83   83..20   83..21   82..22   68..27   52..84   84..85   85..86   86..87   87..88   88..89   89..11   89..41   88..90   90..15   90..36   87..91   91..46   91..92   92..49   92..51   86..37   85..93   93..94   94..95   95..96   96..38   96..44   95..97   97..39   97..45   94..48   93..98   98..40   98..47   84..99   99..100 100..42  100..43   99..50 
 2.326166 0.378612 0.622959 0.190058 0.185572 0.367600 0.042532 0.188918 0.087128 0.020671 0.190829 0.068096 0.061570 0.067437 0.044555 0.086054 0.158066 0.063593 0.052661 0.118082 0.046700 0.147504 0.114507 0.241648 0.356686 0.338606 0.474181 0.037631 0.088360 0.654595 0.187446 0.285767 0.127211 0.197817 0.554806 0.104114 0.082028 0.125518 0.211951 0.000000 0.056790 0.310240 0.137403 0.184133 0.392212 0.141578 0.024079 0.354043 0.221352 0.128213 0.066893 0.449725 0.027004 0.343769 0.176339 0.189859 0.448411 0.405914 0.280238 0.052298 0.263382 1.123126 0.535867 0.580333 0.494816 0.046450 0.038232 0.089726 0.080854 0.103953 0.023728 0.101299 0.066817 0.087167 0.333782 0.168719 0.153804 0.094092 0.165931 0.202215 0.464678 0.149262 0.095224 0.136444 0.187961 0.054136 0.129878 0.032130 0.134455 0.391665 0.129442 0.148334 0.102740 0.114485 0.088449 0.097478 0.130392 0.098612 0.220347 1.677181

tree length = 21.749131

(1: 2.326166, (((((((2: 0.087128, 16: 0.020671): 0.188918, 6: 0.190829): 0.042532, (((((5: 0.158066, ((7: 0.118082, 18: 0.046700): 0.052661, 12: 0.147504): 0.063593): 0.086054, 10: 0.114507): 0.044555, 8: 0.241648): 0.067437, 9: 0.356686): 0.061570, 17: 0.338606): 0.068096): 0.367600, (13: 0.037631, 14: 0.088360): 0.474181): 0.185572, 3: 0.654595): 0.190058, 4: 0.187446): 0.622959, ((((((((19: 0.000000, 26: 0.056790): 0.211951, 23: 0.310240): 0.125518, (33: 0.184133, 35: 0.392212): 0.137403): 0.082028, 29: 0.141578): 0.104114, (32: 0.354043, 34: 0.221352): 0.024079): 0.554806, ((24: 0.449725, ((25: 0.176339, 31: 0.189859): 0.343769, 30: 0.448411): 0.027004): 0.066893, 28: 0.405914): 0.128213): 0.197817, ((20: 0.263382, 21: 1.123126): 0.052298, 22: 0.535867): 0.280238): 0.127211, 27: 0.580333): 0.285767): 0.378612, ((((((11: 0.023728, 41: 0.101299): 0.103953, (15: 0.087167, 36: 0.333782): 0.066817): 0.080854, (46: 0.153804, (49: 0.165931, 51: 0.202215): 0.094092): 0.168719): 0.089726, 37: 0.464678): 0.038232, ((((38: 0.054136, 44: 0.129878): 0.187961, (39: 0.134455, 45: 0.391665): 0.032130): 0.136444, 48: 0.129442): 0.095224, (40: 0.102740, 47: 0.114485): 0.148334): 0.149262): 0.046450, ((42: 0.130392, 43: 0.098612): 0.097478, 50: 0.220347): 0.088449): 0.494816);

(A1_Allochromatium_GammaP: 2.326166, (((((((A1_Thiomicrospira_GammaP_HydrothermalSulfurOx: 0.087128, AII_Hydrogenovibr_GammaP_HydrogenOxidizing: 0.020671): 0.188918, A_Alkalilimnicola_GammaP: 0.190829): 0.042532, (((((A_Acidithiobacillus_GammaP: 0.158066, ((A_Cupriavidus_BetaP: 0.118082, AII_Thiobacillus_BetaP: 0.046700): 0.052661, A_Nitrosomonas_BetaP: 0.147504): 0.063593): 0.086054, A_Methylococcus_GammaP_Methanotrophic: 0.114507): 0.044555, A_Halorhodospira_GammaP: 0.241648): 0.067437, A_Hydrogenophilus_BetaP_Thermophillic: 0.356686): 0.061570, AII_Rhodobacter_AlphaP: 0.338606): 0.068096): 0.367600, (A_Prochlorococcus_Cyanob: 0.037631, A_Synechococcus_Cyanob: 0.088360): 0.474181): 0.185572, A2_Allochromatium_GammaP: 0.654595): 0.190058, A2_Thiomicrospira_GammaP_HydrothermalSulfurOx: 0.187446): 0.622959, ((((((((B_Anabaena_Cyanob: 0.000000, B_Nostoc_Cyanob: 0.056790): 0.211951, B_Gloeobacter_Cyanob: 0.310240): 0.125518, (B_Synechocystis_Cyanob: 0.184133, B_Trichodesmium_Cyanob: 0.392212): 0.137403): 0.082028, B_Prochlorothrix_Cyano: 0.141578): 0.104114, (B_Synechococcus_Cyanob: 0.354043, B_Thermosynechococcus_Cyanob: 0.221352): 0.024079): 0.554806, ((B_Marchantia_Plant: 0.449725, ((B_Nicotiana_Planttabacco: 0.176339, B_Spinacia_Plant: 0.189859): 0.343769, B_Selaginella_PlantFern: 0.448411): 0.027004): 0.066893, B_Physcomitrella_PlantMoss: 0.405914): 0.128213): 0.197817, ((B_Chlamydomonas_Alga: 0.263382, B_Chlorellaalga: 1.123126): 0.052298, B_Euglena_Protist: 0.535867): 0.280238): 0.127211, B_Ostreococcus_alga: 0.580333): 0.285767): 0.378612, ((((((A_Nitrobacter_AlphaP: 0.023728, CD_Nitrobacter_AlphaP: 0.101299): 0.103953, (ACDII_Rhodopse_AlphaP_purple_Nonsulfur: 0.087167, CD_Acidiphilium_AlphaP: 0.333782): 0.066817): 0.080854, (CD_Paracoccus_AlphaP: 0.153804, (CD_Rhodobacter_AlphaP: 0.165931, CD_Sinorhizobium_AlphaP: 0.202215): 0.094092): 0.168719): 0.089726, CD_Burkholderia_BetaP: 0.464678): 0.038232, ((((CD_Cylindrotheca_alga: 0.054136, CD_Odontella_alga: 0.129878): 0.187961, (CD_Ectocarpus_algabrown: 0.134455, CD_Olisthodiscus_alga: 0.391665): 0.032130): 0.136444, CD_Porphyridium_alga: 0.129442): 0.095224, (CD_Emiliania_Diatom_PhytoplanktonEu: 0.102740, CD_Pleurochrysis_alga: 0.114485): 0.148334): 0.149262): 0.046450, ((CD_Nitrosococcus_GammaP: 0.130392, CD_Nitrosospira_BetaP: 0.098612): 0.097478, CD_Rubrivivax_BetaP: 0.220347): 0.088449): 0.494816);

Detailed output identifying parameters

alpha (gamma, K = 4) =  1.67718
rate:   0.25144  0.61562  1.05933  2.07361
freq:   0.25000  0.25000  0.25000  0.25000

Time used:  0:03
